2021-09-11 22:59:06,222:INFO:PyCaret Supervised Module
2021-09-11 22:59:06,222:INFO:ML Usecase: regression
2021-09-11 22:59:06,223:INFO:version 2.3.3
2021-09-11 22:59:06,223:INFO:Initializing setup()
2021-09-11 22:59:06,223:INFO:setup(target=charges, ml_usecase=regression, available_plots={'parameter': 'Hyperparameters', 'residuals': 'Residuals', 'error': 'Prediction Error', 'cooks': 'Cooks Distance', 'rfe': 'Feature Selection', 'learning': 'Learning Curve', 'manifold': 'Manifold Learning', 'vc': 'Validation Curve', 'feature': 'Feature Importance', 'feature_all': 'Feature Importance (All)', 'tree': 'Decision Tree', 'residuals_interactive': 'Interactive Residuals'}, train_size=0.7, test_data=None, preprocess=True, imputation_type=simple, iterative_imputation_iters=5, categorical_features=None, categorical_imputation=constant, categorical_iterative_imputer=lightgbm, ordinal_features=None, high_cardinality_features=None, high_cardinality_method=frequency, numeric_features=None, numeric_imputation=mean, numeric_iterative_imputer=lightgbm, date_features=None, ignore_features=None, normalize=False, normalize_method=zscore, transformation=False, transformation_method=yeo-johnson, handle_unknown_categorical=True, unknown_categorical_method=least_frequent, pca=False, pca_method=linear, pca_components=None, ignore_low_variance=False, combine_rare_levels=False, rare_level_threshold=0.1, bin_numeric_features=None, remove_outliers=False, outliers_threshold=0.05, remove_multicollinearity=False, multicollinearity_threshold=0.9, remove_perfect_collinearity=True, create_clusters=False, cluster_iter=20, polynomial_features=False, polynomial_degree=2, trigonometry_features=False, polynomial_threshold=0.1, group_features=None, group_names=None, feature_selection=False, feature_selection_threshold=0.8, feature_selection_method=classic, feature_interaction=False, feature_ratio=False, interaction_threshold=0.01, fix_imbalance=False, fix_imbalance_method=None, transform_target=False, transform_target_method=box-cox, data_split_shuffle=True, data_split_stratify=False, fold_strategy=kfold, fold=10, fold_shuffle=False, fold_groups=None, n_jobs=-1, use_gpu=False, custom_pipeline=None, html=True, session_id=None, log_experiment=False, experiment_name=None, log_plots=False, log_profile=False, log_data=False, silent=False, verbose=True, profile=False, profile_kwargs=None, display=None)
2021-09-11 22:59:06,223:INFO:Checking environment
2021-09-11 22:59:06,223:INFO:python_version: 3.9.5
2021-09-11 22:59:06,224:INFO:python_build: ('v3.9.5:0a7dcbdb13', 'May  3 2021 13:17:02')
2021-09-11 22:59:06,224:INFO:machine: x86_64
2021-09-11 22:59:06,242:INFO:platform: macOS-10.16-x86_64-i386-64bit
2021-09-11 22:59:06,245:WARNING:cannot find psutil installation. memory not traceable. Install psutil using pip to enable memory logging.
2021-09-11 22:59:06,245:INFO:Checking libraries
2021-09-11 22:59:06,246:INFO:pd==1.2.4
2021-09-11 22:59:06,246:INFO:numpy==1.19.5
2021-09-11 22:59:06,246:INFO:sklearn==0.23.1
2021-09-11 22:59:06,246:INFO:lightgbm==3.2.1
2021-09-11 22:59:06,246:WARNING:catboost not found
2021-09-11 22:59:06,247:WARNING:xgboost not found
2021-09-11 22:59:06,795:INFO:mlflow==1.20.1
2021-09-11 22:59:06,796:INFO:Checking Exceptions
2021-09-11 22:59:06,796:INFO:Declaring global variables
2021-09-11 22:59:06,796:INFO:USI: a196
2021-09-11 22:59:06,796:INFO:pycaret_globals: {'log_plots_param', 'prep_pipe', '_gpu_n_jobs_param', 'seed', 'gpu_param', 'create_model_container', 'fold_shuffle_param', '_all_models', 'data_before_preprocess', 'target_param', 'iterative_imputation_iters_param', 'display_container', 'y_train', 'X_test', '_internal_pipeline', 'fold_param', 'y_test', '_all_metrics', 'pycaret_globals', 'USI', 'exp_name_log', 'transform_target_method_param', 'n_jobs_param', '_ml_usecase', '_all_models_internal', 'fold_generator', 'X_train', 'fix_imbalance_method_param', 'stratify_param', 'master_model_container', 'imputation_regressor', 'html_param', 'transform_target_param', 'y', 'experiment__', 'imputation_classifier', 'X', 'fix_imbalance_param', 'logging_param', 'fold_groups_param', 'fold_groups_param_full', '_available_plots'}
2021-09-11 22:59:06,796:INFO:Preparing display monitor
2021-09-11 22:59:06,796:INFO:Preparing display monitor
2021-09-11 22:59:06,810:INFO:Importing libraries
2021-09-11 22:59:06,811:INFO:Copying data for preprocessing
2021-09-11 22:59:06,821:INFO:Declaring preprocessing parameters
2021-09-11 22:59:06,822:INFO:Creating preprocessing pipeline
2021-09-11 22:59:06,828:INFO:Preprocessing pipeline created successfully
2021-09-11 22:59:06,828:ERROR:(Process Exit): setup has been interupted with user command 'quit'. setup must rerun.
2021-09-11 22:59:06,829:INFO:Creating global containers
2021-09-11 22:59:06,830:INFO:Internal pipeline: Pipeline(memory=None, steps=[('empty_step', 'passthrough')], verbose=False)
2021-09-11 22:59:25,112:WARNING:Couldn't import xgboost.XGBRegressor
2021-09-11 22:59:25,113:WARNING:Couldn't import catboost.CatBoostRegressor
2021-09-11 22:59:25,230:WARNING:Couldn't import xgboost.XGBRegressor
2021-09-11 22:59:25,231:WARNING:Couldn't import catboost.CatBoostRegressor
2021-09-11 22:59:25,231:INFO:Creating grid variables
2021-09-11 22:59:25,251:INFO:create_model_container: 0
2021-09-11 22:59:25,251:INFO:master_model_container: 0
2021-09-11 22:59:25,252:INFO:display_container: 1
2021-09-11 22:59:25,258:INFO:Pipeline(memory=None,
         steps=[('dtypes',
                 DataTypes_Auto_infer(categorical_features=[],
                                      display_types=True, features_todrop=[],
                                      id_columns=[], ml_usecase='regression',
                                      numerical_features=[], target='charges',
                                      time_features=[])),
                ('imputer',
                 Simple_Imputer(categorical_strategy='not_available',
                                fill_value_categorical=None,
                                fill_value_numerical=None,
                                numeric_strategy...
                ('scaling', 'passthrough'), ('P_transform', 'passthrough'),
                ('binn', 'passthrough'), ('rem_outliers', 'passthrough'),
                ('cluster_all', 'passthrough'),
                ('dummy', Dummify(target='charges')),
                ('fix_perfect', Remove_100(target='charges')),
                ('clean_names', Clean_Colum_Names()),
                ('feature_select', 'passthrough'), ('fix_multi', 'passthrough'),
                ('dfs', 'passthrough'), ('pca', 'passthrough')],
         verbose=False)
2021-09-11 22:59:25,259:INFO:setup() succesfully completed......................................
2021-09-11 22:59:25,335:INFO:Initializing compare_models()
2021-09-11 22:59:25,335:INFO:compare_models(include=None, fold=None, round=4, cross_validation=True, sort=R2, n_select=1, budget_time=None, turbo=True, errors=ignore, fit_kwargs=None, groups=None, verbose=True, display=None, exclude=['gbr', 'rf', 'lightgbm', 'et', 'ada', 'dt', 'llar', 'ridge', 'br', 'lasso'])
2021-09-11 22:59:25,335:INFO:Checking exceptions
2021-09-11 22:59:25,336:INFO:Preparing display monitor
2021-09-11 22:59:25,336:INFO:Preparing display monitor
2021-09-11 22:59:25,371:INFO:Initializing Linear Regression
2021-09-11 22:59:25,371:INFO:Total runtime is 3.5842259724934896e-06 minutes
2021-09-11 22:59:25,381:INFO:SubProcess create_model() called ==================================
2021-09-11 22:59:25,382:INFO:Initializing create_model()
2021-09-11 22:59:25,382:INFO:create_model(estimator=lr, fold=KFold(n_splits=10, random_state=None, shuffle=False), round=4, cross_validation=True, predict=True, fit_kwargs={}, groups=None, refit=False, verbose=False, system=False, metrics=None, display=<pycaret.internal.Display.Display object at 0x7fc565944970>, kwargs={})
2021-09-11 22:59:25,382:INFO:Checking exceptions
2021-09-11 22:59:25,382:INFO:Importing libraries
2021-09-11 22:59:25,383:INFO:Copying training dataset
2021-09-11 22:59:25,384:INFO:Defining folds
2021-09-11 22:59:25,384:INFO:Declaring metric variables
2021-09-11 22:59:25,393:INFO:Importing untrained model
2021-09-11 22:59:25,405:INFO:Linear Regression Imported succesfully
2021-09-11 22:59:25,425:INFO:Starting cross validation
2021-09-11 22:59:25,434:INFO:Cross validating with KFold(n_splits=10, random_state=None, shuffle=False), n_jobs=-1
2021-09-11 22:59:29,096:INFO:Calculating mean and std
2021-09-11 22:59:29,101:INFO:Creating metrics dataframe
2021-09-11 22:59:29,116:INFO:Uploading results into container
2021-09-11 22:59:29,117:INFO:Uploading model into container now
2021-09-11 22:59:29,117:INFO:create_model_container: 1
2021-09-11 22:59:29,118:INFO:master_model_container: 1
2021-09-11 22:59:29,118:INFO:display_container: 2
2021-09-11 22:59:29,118:INFO:LinearRegression(copy_X=True, fit_intercept=True, n_jobs=-1, normalize=False)
2021-09-11 22:59:29,119:INFO:create_model() succesfully completed......................................
2021-09-11 22:59:29,214:INFO:SubProcess create_model() end ==================================
2021-09-11 22:59:29,215:INFO:Creating metrics dataframe
2021-09-11 22:59:29,234:INFO:Initializing Elastic Net
2021-09-11 22:59:29,234:INFO:Total runtime is 0.06438825130462646 minutes
2021-09-11 22:59:29,245:INFO:SubProcess create_model() called ==================================
2021-09-11 22:59:29,246:INFO:Initializing create_model()
2021-09-11 22:59:29,246:INFO:create_model(estimator=en, fold=KFold(n_splits=10, random_state=None, shuffle=False), round=4, cross_validation=True, predict=True, fit_kwargs={}, groups=None, refit=False, verbose=False, system=False, metrics=None, display=<pycaret.internal.Display.Display object at 0x7fc565944970>, kwargs={})
2021-09-11 22:59:29,246:INFO:Checking exceptions
2021-09-11 22:59:29,247:INFO:Importing libraries
2021-09-11 22:59:29,247:INFO:Copying training dataset
2021-09-11 22:59:29,248:INFO:Defining folds
2021-09-11 22:59:29,249:INFO:Declaring metric variables
2021-09-11 22:59:29,259:INFO:Importing untrained model
2021-09-11 22:59:29,273:INFO:Elastic Net Imported succesfully
2021-09-11 22:59:29,298:INFO:Starting cross validation
2021-09-11 22:59:29,299:INFO:Cross validating with KFold(n_splits=10, random_state=None, shuffle=False), n_jobs=-1
2021-09-11 22:59:29,379:INFO:Calculating mean and std
2021-09-11 22:59:29,380:INFO:Creating metrics dataframe
2021-09-11 22:59:29,386:INFO:Uploading results into container
2021-09-11 22:59:29,387:INFO:Uploading model into container now
2021-09-11 22:59:29,387:INFO:create_model_container: 2
2021-09-11 22:59:29,387:INFO:master_model_container: 2
2021-09-11 22:59:29,387:INFO:display_container: 2
2021-09-11 22:59:29,388:INFO:ElasticNet(alpha=1.0, copy_X=True, fit_intercept=True, l1_ratio=0.5,
           max_iter=1000, normalize=False, positive=False, precompute=False,
           random_state=6483, selection='cyclic', tol=0.0001, warm_start=False)
2021-09-11 22:59:29,389:INFO:create_model() succesfully completed......................................
2021-09-11 22:59:29,463:INFO:SubProcess create_model() end ==================================
2021-09-11 22:59:29,463:INFO:Creating metrics dataframe
2021-09-11 22:59:29,482:INFO:Initializing Least Angle Regression
2021-09-11 22:59:29,482:INFO:Total runtime is 0.06851919889450073 minutes
2021-09-11 22:59:29,493:INFO:SubProcess create_model() called ==================================
2021-09-11 22:59:29,493:INFO:Initializing create_model()
2021-09-11 22:59:29,493:INFO:create_model(estimator=lar, fold=KFold(n_splits=10, random_state=None, shuffle=False), round=4, cross_validation=True, predict=True, fit_kwargs={}, groups=None, refit=False, verbose=False, system=False, metrics=None, display=<pycaret.internal.Display.Display object at 0x7fc565944970>, kwargs={})
2021-09-11 22:59:29,493:INFO:Checking exceptions
2021-09-11 22:59:29,493:INFO:Importing libraries
2021-09-11 22:59:29,493:INFO:Copying training dataset
2021-09-11 22:59:29,494:INFO:Defining folds
2021-09-11 22:59:29,495:INFO:Declaring metric variables
2021-09-11 22:59:29,504:INFO:Importing untrained model
2021-09-11 22:59:29,515:INFO:Least Angle Regression Imported succesfully
2021-09-11 22:59:29,541:INFO:Starting cross validation
2021-09-11 22:59:29,542:INFO:Cross validating with KFold(n_splits=10, random_state=None, shuffle=False), n_jobs=-1
2021-09-11 22:59:29,627:INFO:Calculating mean and std
2021-09-11 22:59:29,628:INFO:Creating metrics dataframe
2021-09-11 22:59:29,635:INFO:Uploading results into container
2021-09-11 22:59:29,635:INFO:Uploading model into container now
2021-09-11 22:59:29,635:INFO:create_model_container: 3
2021-09-11 22:59:29,635:INFO:master_model_container: 3
2021-09-11 22:59:29,635:INFO:display_container: 2
2021-09-11 22:59:29,636:INFO:Lars(copy_X=True, eps=2.220446049250313e-16, fit_intercept=True, fit_path=True,
     jitter=None, n_nonzero_coefs=500, normalize=True, precompute='auto',
     random_state=6483, verbose=False)
2021-09-11 22:59:29,636:INFO:create_model() succesfully completed......................................
2021-09-11 22:59:29,710:INFO:SubProcess create_model() end ==================================
2021-09-11 22:59:29,711:INFO:Creating metrics dataframe
2021-09-11 22:59:29,730:INFO:Initializing Orthogonal Matching Pursuit
2021-09-11 22:59:29,731:INFO:Total runtime is 0.07266123294830322 minutes
2021-09-11 22:59:29,741:INFO:SubProcess create_model() called ==================================
2021-09-11 22:59:29,742:INFO:Initializing create_model()
2021-09-11 22:59:29,742:INFO:create_model(estimator=omp, fold=KFold(n_splits=10, random_state=None, shuffle=False), round=4, cross_validation=True, predict=True, fit_kwargs={}, groups=None, refit=False, verbose=False, system=False, metrics=None, display=<pycaret.internal.Display.Display object at 0x7fc565944970>, kwargs={})
2021-09-11 22:59:29,742:INFO:Checking exceptions
2021-09-11 22:59:29,742:INFO:Importing libraries
2021-09-11 22:59:29,742:INFO:Copying training dataset
2021-09-11 22:59:29,743:INFO:Defining folds
2021-09-11 22:59:29,744:INFO:Declaring metric variables
2021-09-11 22:59:29,755:INFO:Importing untrained model
2021-09-11 22:59:29,768:INFO:Orthogonal Matching Pursuit Imported succesfully
2021-09-11 22:59:29,792:INFO:Starting cross validation
2021-09-11 22:59:29,793:INFO:Cross validating with KFold(n_splits=10, random_state=None, shuffle=False), n_jobs=-1
2021-09-11 22:59:29,866:INFO:Calculating mean and std
2021-09-11 22:59:29,867:INFO:Creating metrics dataframe
2021-09-11 22:59:29,873:INFO:Uploading results into container
2021-09-11 22:59:29,874:INFO:Uploading model into container now
2021-09-11 22:59:29,874:INFO:create_model_container: 4
2021-09-11 22:59:29,874:INFO:master_model_container: 4
2021-09-11 22:59:29,874:INFO:display_container: 2
2021-09-11 22:59:29,874:INFO:OrthogonalMatchingPursuit(fit_intercept=True, n_nonzero_coefs=None,
                          normalize=True, precompute='auto', tol=None)
2021-09-11 22:59:29,874:INFO:create_model() succesfully completed......................................
2021-09-11 22:59:29,942:INFO:SubProcess create_model() end ==================================
2021-09-11 22:59:29,942:INFO:Creating metrics dataframe
2021-09-11 22:59:29,958:INFO:Initializing Passive Aggressive Regressor
2021-09-11 22:59:29,958:INFO:Total runtime is 0.07645636796951294 minutes
2021-09-11 22:59:29,970:INFO:SubProcess create_model() called ==================================
2021-09-11 22:59:29,970:INFO:Initializing create_model()
2021-09-11 22:59:29,970:INFO:create_model(estimator=par, fold=KFold(n_splits=10, random_state=None, shuffle=False), round=4, cross_validation=True, predict=True, fit_kwargs={}, groups=None, refit=False, verbose=False, system=False, metrics=None, display=<pycaret.internal.Display.Display object at 0x7fc565944970>, kwargs={})
2021-09-11 22:59:29,970:INFO:Checking exceptions
2021-09-11 22:59:29,971:INFO:Importing libraries
2021-09-11 22:59:29,971:INFO:Copying training dataset
2021-09-11 22:59:29,972:INFO:Defining folds
2021-09-11 22:59:29,973:INFO:Declaring metric variables
2021-09-11 22:59:29,982:INFO:Importing untrained model
2021-09-11 22:59:29,992:INFO:Passive Aggressive Regressor Imported succesfully
2021-09-11 22:59:30,013:INFO:Starting cross validation
2021-09-11 22:59:30,014:INFO:Cross validating with KFold(n_splits=10, random_state=None, shuffle=False), n_jobs=-1
2021-09-11 22:59:30,114:INFO:Calculating mean and std
2021-09-11 22:59:30,115:INFO:Creating metrics dataframe
2021-09-11 22:59:30,124:INFO:Uploading results into container
2021-09-11 22:59:30,125:INFO:Uploading model into container now
2021-09-11 22:59:30,125:INFO:create_model_container: 5
2021-09-11 22:59:30,125:INFO:master_model_container: 5
2021-09-11 22:59:30,125:INFO:display_container: 2
2021-09-11 22:59:30,126:INFO:PassiveAggressiveRegressor(C=1.0, average=False, early_stopping=False,
                           epsilon=0.1, fit_intercept=True,
                           loss='epsilon_insensitive', max_iter=1000,
                           n_iter_no_change=5, random_state=6483, shuffle=True,
                           tol=0.001, validation_fraction=0.1, verbose=0,
                           warm_start=False)
2021-09-11 22:59:30,126:INFO:create_model() succesfully completed......................................
2021-09-11 22:59:30,207:INFO:SubProcess create_model() end ==================================
2021-09-11 22:59:30,207:INFO:Creating metrics dataframe
2021-09-11 22:59:30,229:INFO:Initializing Huber Regressor
2021-09-11 22:59:30,229:INFO:Total runtime is 0.08097111781438192 minutes
2021-09-11 22:59:30,240:INFO:SubProcess create_model() called ==================================
2021-09-11 22:59:30,241:INFO:Initializing create_model()
2021-09-11 22:59:30,241:INFO:create_model(estimator=huber, fold=KFold(n_splits=10, random_state=None, shuffle=False), round=4, cross_validation=True, predict=True, fit_kwargs={}, groups=None, refit=False, verbose=False, system=False, metrics=None, display=<pycaret.internal.Display.Display object at 0x7fc565944970>, kwargs={})
2021-09-11 22:59:30,241:INFO:Checking exceptions
2021-09-11 22:59:30,241:INFO:Importing libraries
2021-09-11 22:59:30,241:INFO:Copying training dataset
2021-09-11 22:59:30,243:INFO:Defining folds
2021-09-11 22:59:30,243:INFO:Declaring metric variables
2021-09-11 22:59:30,254:INFO:Importing untrained model
2021-09-11 22:59:30,265:INFO:Huber Regressor Imported succesfully
2021-09-11 22:59:30,293:INFO:Starting cross validation
2021-09-11 22:59:30,294:INFO:Cross validating with KFold(n_splits=10, random_state=None, shuffle=False), n_jobs=-1
2021-09-11 22:59:30,559:INFO:Calculating mean and std
2021-09-11 22:59:30,561:INFO:Creating metrics dataframe
2021-09-11 22:59:30,566:INFO:Uploading results into container
2021-09-11 22:59:30,566:INFO:Uploading model into container now
2021-09-11 22:59:30,566:INFO:create_model_container: 6
2021-09-11 22:59:30,566:INFO:master_model_container: 6
2021-09-11 22:59:30,566:INFO:display_container: 2
2021-09-11 22:59:30,567:INFO:HuberRegressor(alpha=0.0001, epsilon=1.35, fit_intercept=True, max_iter=100,
               tol=1e-05, warm_start=False)
2021-09-11 22:59:30,567:INFO:create_model() succesfully completed......................................
2021-09-11 22:59:30,638:INFO:SubProcess create_model() end ==================================
2021-09-11 22:59:30,639:INFO:Creating metrics dataframe
2021-09-11 22:59:30,660:INFO:Initializing K Neighbors Regressor
2021-09-11 22:59:30,660:INFO:Total runtime is 0.08815218607584635 minutes
2021-09-11 22:59:30,669:INFO:SubProcess create_model() called ==================================
2021-09-11 22:59:30,670:INFO:Initializing create_model()
2021-09-11 22:59:30,670:INFO:create_model(estimator=knn, fold=KFold(n_splits=10, random_state=None, shuffle=False), round=4, cross_validation=True, predict=True, fit_kwargs={}, groups=None, refit=False, verbose=False, system=False, metrics=None, display=<pycaret.internal.Display.Display object at 0x7fc565944970>, kwargs={})
2021-09-11 22:59:30,670:INFO:Checking exceptions
2021-09-11 22:59:30,670:INFO:Importing libraries
2021-09-11 22:59:30,670:INFO:Copying training dataset
2021-09-11 22:59:30,672:INFO:Defining folds
2021-09-11 22:59:30,672:INFO:Declaring metric variables
2021-09-11 22:59:30,682:INFO:Importing untrained model
2021-09-11 22:59:30,694:INFO:K Neighbors Regressor Imported succesfully
2021-09-11 22:59:30,717:INFO:Starting cross validation
2021-09-11 22:59:30,718:INFO:Cross validating with KFold(n_splits=10, random_state=None, shuffle=False), n_jobs=-1
2021-09-11 22:59:30,821:INFO:Calculating mean and std
2021-09-11 22:59:30,823:INFO:Creating metrics dataframe
2021-09-11 22:59:30,830:INFO:Uploading results into container
2021-09-11 22:59:30,830:INFO:Uploading model into container now
2021-09-11 22:59:30,830:INFO:create_model_container: 7
2021-09-11 22:59:30,830:INFO:master_model_container: 7
2021-09-11 22:59:30,830:INFO:display_container: 2
2021-09-11 22:59:30,830:INFO:KNeighborsRegressor(algorithm='auto', leaf_size=30, metric='minkowski',
                    metric_params=None, n_jobs=-1, n_neighbors=5, p=2,
                    weights='uniform')
2021-09-11 22:59:30,831:INFO:create_model() succesfully completed......................................
2021-09-11 22:59:30,901:INFO:SubProcess create_model() end ==================================
2021-09-11 22:59:30,901:INFO:Creating metrics dataframe
2021-09-11 22:59:30,942:INFO:Initializing create_model()
2021-09-11 22:59:30,942:INFO:create_model(estimator=LinearRegression(copy_X=True, fit_intercept=True, n_jobs=-1, normalize=False), fold=KFold(n_splits=10, random_state=None, shuffle=False), round=4, cross_validation=False, predict=False, fit_kwargs={}, groups=None, refit=True, verbose=False, system=False, metrics=None, display=None, kwargs={})
2021-09-11 22:59:30,942:INFO:Checking exceptions
2021-09-11 22:59:30,942:INFO:Importing libraries
2021-09-11 22:59:30,942:INFO:Copying training dataset
2021-09-11 22:59:30,943:INFO:Defining folds
2021-09-11 22:59:30,943:INFO:Declaring metric variables
2021-09-11 22:59:30,943:INFO:Importing untrained model
2021-09-11 22:59:30,943:INFO:Declaring custom model
2021-09-11 22:59:30,944:INFO:Linear Regression Imported succesfully
2021-09-11 22:59:30,944:INFO:Cross validation set to False
2021-09-11 22:59:30,944:INFO:Fitting Model
2021-09-11 22:59:30,949:INFO:LinearRegression(copy_X=True, fit_intercept=True, n_jobs=-1, normalize=False)
2021-09-11 22:59:30,950:INFO:create_models() succesfully completed......................................
2021-09-11 22:59:31,083:INFO:create_model_container: 7
2021-09-11 22:59:31,083:INFO:master_model_container: 7
2021-09-11 22:59:31,083:INFO:display_container: 2
2021-09-11 22:59:31,084:INFO:LinearRegression(copy_X=True, fit_intercept=True, n_jobs=-1, normalize=False)
2021-09-11 22:59:31,084:INFO:compare_models() succesfully completed......................................
2021-09-13 16:42:50,513:INFO:PyCaret Supervised Module
2021-09-13 16:42:50,514:INFO:ML Usecase: regression
2021-09-13 16:42:50,515:INFO:version 2.3.3
2021-09-13 16:42:50,515:INFO:Initializing setup()
2021-09-13 16:42:50,515:INFO:setup(target=charges, ml_usecase=regression, available_plots={'parameter': 'Hyperparameters', 'residuals': 'Residuals', 'error': 'Prediction Error', 'cooks': 'Cooks Distance', 'rfe': 'Feature Selection', 'learning': 'Learning Curve', 'manifold': 'Manifold Learning', 'vc': 'Validation Curve', 'feature': 'Feature Importance', 'feature_all': 'Feature Importance (All)', 'tree': 'Decision Tree', 'residuals_interactive': 'Interactive Residuals'}, train_size=0.7, test_data=None, preprocess=True, imputation_type=simple, iterative_imputation_iters=5, categorical_features=None, categorical_imputation=constant, categorical_iterative_imputer=lightgbm, ordinal_features=None, high_cardinality_features=None, high_cardinality_method=frequency, numeric_features=None, numeric_imputation=mean, numeric_iterative_imputer=lightgbm, date_features=None, ignore_features=None, normalize=False, normalize_method=zscore, transformation=False, transformation_method=yeo-johnson, handle_unknown_categorical=True, unknown_categorical_method=least_frequent, pca=False, pca_method=linear, pca_components=None, ignore_low_variance=False, combine_rare_levels=False, rare_level_threshold=0.1, bin_numeric_features=None, remove_outliers=False, outliers_threshold=0.05, remove_multicollinearity=False, multicollinearity_threshold=0.9, remove_perfect_collinearity=True, create_clusters=False, cluster_iter=20, polynomial_features=False, polynomial_degree=2, trigonometry_features=False, polynomial_threshold=0.1, group_features=None, group_names=None, feature_selection=False, feature_selection_threshold=0.8, feature_selection_method=classic, feature_interaction=False, feature_ratio=False, interaction_threshold=0.01, fix_imbalance=False, fix_imbalance_method=None, transform_target=False, transform_target_method=box-cox, data_split_shuffle=True, data_split_stratify=False, fold_strategy=kfold, fold=10, fold_shuffle=False, fold_groups=None, n_jobs=-1, use_gpu=False, custom_pipeline=None, html=True, session_id=1611, log_experiment=False, experiment_name=None, log_plots=False, log_profile=False, log_data=False, silent=False, verbose=True, profile=False, profile_kwargs=None, display=None)
2021-09-13 16:42:50,515:INFO:Checking environment
2021-09-13 16:42:50,516:INFO:python_version: 3.9.5
2021-09-13 16:42:50,516:INFO:python_build: ('v3.9.5:0a7dcbdb13', 'May  3 2021 13:17:02')
2021-09-13 16:42:50,516:INFO:machine: x86_64
2021-09-13 16:42:50,538:INFO:platform: macOS-10.16-x86_64-i386-64bit
2021-09-13 16:42:50,539:WARNING:cannot find psutil installation. memory not traceable. Install psutil using pip to enable memory logging.
2021-09-13 16:42:50,540:INFO:Checking libraries
2021-09-13 16:42:50,540:INFO:pd==1.2.4
2021-09-13 16:42:50,540:INFO:numpy==1.19.5
2021-09-13 16:42:50,540:INFO:sklearn==0.23.1
2021-09-13 16:42:50,540:INFO:lightgbm==3.2.1
2021-09-13 16:42:50,540:WARNING:catboost not found
2021-09-13 16:42:50,540:WARNING:xgboost not found
2021-09-13 16:42:51,200:INFO:mlflow==1.20.1
2021-09-13 16:42:51,200:INFO:Checking Exceptions
2021-09-13 16:42:51,201:INFO:Declaring global variables
2021-09-13 16:42:51,201:INFO:USI: 482c
2021-09-13 16:42:51,201:INFO:pycaret_globals: {'y_train', 'transform_target_method_param', 'fold_groups_param', '_ml_usecase', 'data_before_preprocess', 'fix_imbalance_param', 'X_train', 'fold_groups_param_full', 'fold_shuffle_param', 'transform_target_param', 'html_param', 'imputation_classifier', 'n_jobs_param', 'X_test', '_gpu_n_jobs_param', 'y', 'fold_param', '_all_metrics', 'stratify_param', 'log_plots_param', 'fix_imbalance_method_param', 'exp_name_log', 'USI', 'display_container', '_all_models_internal', '_all_models', 'master_model_container', 'X', 'gpu_param', 'imputation_regressor', 'pycaret_globals', '_internal_pipeline', 'fold_generator', 'seed', '_available_plots', 'prep_pipe', 'logging_param', 'iterative_imputation_iters_param', 'create_model_container', 'y_test', 'target_param', 'experiment__'}
2021-09-13 16:42:51,201:INFO:Preparing display monitor
2021-09-13 16:42:51,201:INFO:Preparing display monitor
2021-09-13 16:42:51,215:INFO:Importing libraries
2021-09-13 16:42:51,215:INFO:Copying data for preprocessing
2021-09-13 16:42:51,226:INFO:Declaring preprocessing parameters
2021-09-13 16:42:51,228:INFO:Creating preprocessing pipeline
2021-09-13 16:42:51,236:INFO:Preprocessing pipeline created successfully
2021-09-13 16:42:51,236:ERROR:(Process Exit): setup has been interupted with user command 'quit'. setup must rerun.
2021-09-13 16:42:51,236:INFO:Creating global containers
2021-09-13 16:42:51,237:INFO:Internal pipeline: Pipeline(memory=None, steps=[('empty_step', 'passthrough')], verbose=False)
2021-09-13 16:43:02,525:WARNING:Couldn't import xgboost.XGBRegressor
2021-09-13 16:43:02,526:WARNING:Couldn't import catboost.CatBoostRegressor
2021-09-13 16:43:02,636:WARNING:Couldn't import xgboost.XGBRegressor
2021-09-13 16:43:02,637:WARNING:Couldn't import catboost.CatBoostRegressor
2021-09-13 16:43:02,637:INFO:Creating grid variables
2021-09-13 16:43:02,658:INFO:create_model_container: 0
2021-09-13 16:43:02,659:INFO:master_model_container: 0
2021-09-13 16:43:02,659:INFO:display_container: 1
2021-09-13 16:43:02,665:INFO:Pipeline(memory=None,
         steps=[('dtypes',
                 DataTypes_Auto_infer(categorical_features=[],
                                      display_types=True, features_todrop=[],
                                      id_columns=[], ml_usecase='regression',
                                      numerical_features=[], target='charges',
                                      time_features=[])),
                ('imputer',
                 Simple_Imputer(categorical_strategy='not_available',
                                fill_value_categorical=None,
                                fill_value_numerical=None,
                                numeric_strategy...
                ('scaling', 'passthrough'), ('P_transform', 'passthrough'),
                ('binn', 'passthrough'), ('rem_outliers', 'passthrough'),
                ('cluster_all', 'passthrough'),
                ('dummy', Dummify(target='charges')),
                ('fix_perfect', Remove_100(target='charges')),
                ('clean_names', Clean_Colum_Names()),
                ('feature_select', 'passthrough'), ('fix_multi', 'passthrough'),
                ('dfs', 'passthrough'), ('pca', 'passthrough')],
         verbose=False)
2021-09-13 16:43:02,666:INFO:setup() succesfully completed......................................
2021-09-13 16:43:02,733:INFO:Initializing compare_models()
2021-09-13 16:43:02,733:INFO:compare_models(include=None, fold=None, round=4, cross_validation=True, sort=R2, n_select=1, budget_time=None, turbo=True, errors=ignore, fit_kwargs=None, groups=None, verbose=True, display=None, exclude=['gbr', 'rf', 'lightgbm', 'et', 'ada', 'dt', 'llar', 'ridge', 'br', 'lasso'])
2021-09-13 16:43:02,733:INFO:Checking exceptions
2021-09-13 16:43:02,733:INFO:Preparing display monitor
2021-09-13 16:43:02,733:INFO:Preparing display monitor
2021-09-13 16:43:02,763:INFO:Initializing Linear Regression
2021-09-13 16:43:02,763:INFO:Total runtime is 2.797444661458333e-06 minutes
2021-09-13 16:43:02,774:INFO:SubProcess create_model() called ==================================
2021-09-13 16:43:02,775:INFO:Initializing create_model()
2021-09-13 16:43:02,775:INFO:create_model(estimator=lr, fold=KFold(n_splits=10, random_state=None, shuffle=False), round=4, cross_validation=True, predict=True, fit_kwargs={}, groups=None, refit=False, verbose=False, system=False, metrics=None, display=<pycaret.internal.Display.Display object at 0x7ff744b57fa0>, kwargs={})
2021-09-13 16:43:02,775:INFO:Checking exceptions
2021-09-13 16:43:02,775:INFO:Importing libraries
2021-09-13 16:43:02,775:INFO:Copying training dataset
2021-09-13 16:43:02,776:INFO:Defining folds
2021-09-13 16:43:02,776:INFO:Declaring metric variables
2021-09-13 16:43:02,784:INFO:Importing untrained model
2021-09-13 16:43:02,794:INFO:Linear Regression Imported succesfully
2021-09-13 16:43:02,813:INFO:Starting cross validation
2021-09-13 16:43:02,821:INFO:Cross validating with KFold(n_splits=10, random_state=None, shuffle=False), n_jobs=-1
2021-09-13 16:43:05,621:INFO:Calculating mean and std
2021-09-13 16:43:05,626:INFO:Creating metrics dataframe
2021-09-13 16:43:05,639:INFO:Uploading results into container
2021-09-13 16:43:05,639:INFO:Uploading model into container now
2021-09-13 16:43:05,640:INFO:create_model_container: 1
2021-09-13 16:43:05,640:INFO:master_model_container: 1
2021-09-13 16:43:05,640:INFO:display_container: 2
2021-09-13 16:43:05,640:INFO:LinearRegression(copy_X=True, fit_intercept=True, n_jobs=-1, normalize=False)
2021-09-13 16:43:05,641:INFO:create_model() succesfully completed......................................
2021-09-13 16:43:05,727:INFO:SubProcess create_model() end ==================================
2021-09-13 16:43:05,727:INFO:Creating metrics dataframe
2021-09-13 16:43:05,742:INFO:Initializing Elastic Net
2021-09-13 16:43:05,742:INFO:Total runtime is 0.04965071280797323 minutes
2021-09-13 16:43:05,752:INFO:SubProcess create_model() called ==================================
2021-09-13 16:43:05,752:INFO:Initializing create_model()
2021-09-13 16:43:05,753:INFO:create_model(estimator=en, fold=KFold(n_splits=10, random_state=None, shuffle=False), round=4, cross_validation=True, predict=True, fit_kwargs={}, groups=None, refit=False, verbose=False, system=False, metrics=None, display=<pycaret.internal.Display.Display object at 0x7ff744b57fa0>, kwargs={})
2021-09-13 16:43:05,753:INFO:Checking exceptions
2021-09-13 16:43:05,753:INFO:Importing libraries
2021-09-13 16:43:05,753:INFO:Copying training dataset
2021-09-13 16:43:05,754:INFO:Defining folds
2021-09-13 16:43:05,755:INFO:Declaring metric variables
2021-09-13 16:43:05,764:INFO:Importing untrained model
2021-09-13 16:43:05,774:INFO:Elastic Net Imported succesfully
2021-09-13 16:43:05,794:INFO:Starting cross validation
2021-09-13 16:43:05,795:INFO:Cross validating with KFold(n_splits=10, random_state=None, shuffle=False), n_jobs=-1
2021-09-13 16:43:05,843:INFO:Calculating mean and std
2021-09-13 16:43:05,844:INFO:Creating metrics dataframe
2021-09-13 16:43:05,848:INFO:Uploading results into container
2021-09-13 16:43:05,848:INFO:Uploading model into container now
2021-09-13 16:43:05,848:INFO:create_model_container: 2
2021-09-13 16:43:05,848:INFO:master_model_container: 2
2021-09-13 16:43:05,848:INFO:display_container: 2
2021-09-13 16:43:05,849:INFO:ElasticNet(alpha=1.0, copy_X=True, fit_intercept=True, l1_ratio=0.5,
           max_iter=1000, normalize=False, positive=False, precompute=False,
           random_state=1611, selection='cyclic', tol=0.0001, warm_start=False)
2021-09-13 16:43:05,849:INFO:create_model() succesfully completed......................................
2021-09-13 16:43:05,909:INFO:SubProcess create_model() end ==================================
2021-09-13 16:43:05,910:INFO:Creating metrics dataframe
2021-09-13 16:43:05,927:INFO:Initializing Least Angle Regression
2021-09-13 16:43:05,927:INFO:Total runtime is 0.052743065357208255 minutes
2021-09-13 16:43:05,938:INFO:SubProcess create_model() called ==================================
2021-09-13 16:43:05,938:INFO:Initializing create_model()
2021-09-13 16:43:05,938:INFO:create_model(estimator=lar, fold=KFold(n_splits=10, random_state=None, shuffle=False), round=4, cross_validation=True, predict=True, fit_kwargs={}, groups=None, refit=False, verbose=False, system=False, metrics=None, display=<pycaret.internal.Display.Display object at 0x7ff744b57fa0>, kwargs={})
2021-09-13 16:43:05,939:INFO:Checking exceptions
2021-09-13 16:43:05,939:INFO:Importing libraries
2021-09-13 16:43:05,939:INFO:Copying training dataset
2021-09-13 16:43:05,940:INFO:Defining folds
2021-09-13 16:43:05,940:INFO:Declaring metric variables
2021-09-13 16:43:05,950:INFO:Importing untrained model
2021-09-13 16:43:05,961:INFO:Least Angle Regression Imported succesfully
2021-09-13 16:43:05,979:INFO:Starting cross validation
2021-09-13 16:43:05,980:INFO:Cross validating with KFold(n_splits=10, random_state=None, shuffle=False), n_jobs=-1
2021-09-13 16:43:06,037:INFO:Calculating mean and std
2021-09-13 16:43:06,038:INFO:Creating metrics dataframe
2021-09-13 16:43:06,041:INFO:Uploading results into container
2021-09-13 16:43:06,042:INFO:Uploading model into container now
2021-09-13 16:43:06,042:INFO:create_model_container: 3
2021-09-13 16:43:06,042:INFO:master_model_container: 3
2021-09-13 16:43:06,042:INFO:display_container: 2
2021-09-13 16:43:06,042:INFO:Lars(copy_X=True, eps=2.220446049250313e-16, fit_intercept=True, fit_path=True,
     jitter=None, n_nonzero_coefs=500, normalize=True, precompute='auto',
     random_state=1611, verbose=False)
2021-09-13 16:43:06,042:INFO:create_model() succesfully completed......................................
2021-09-13 16:43:06,105:INFO:SubProcess create_model() end ==================================
2021-09-13 16:43:06,105:INFO:Creating metrics dataframe
2021-09-13 16:43:06,121:INFO:Initializing Orthogonal Matching Pursuit
2021-09-13 16:43:06,121:INFO:Total runtime is 0.05597966512044271 minutes
2021-09-13 16:43:06,132:INFO:SubProcess create_model() called ==================================
2021-09-13 16:43:06,133:INFO:Initializing create_model()
2021-09-13 16:43:06,133:INFO:create_model(estimator=omp, fold=KFold(n_splits=10, random_state=None, shuffle=False), round=4, cross_validation=True, predict=True, fit_kwargs={}, groups=None, refit=False, verbose=False, system=False, metrics=None, display=<pycaret.internal.Display.Display object at 0x7ff744b57fa0>, kwargs={})
2021-09-13 16:43:06,133:INFO:Checking exceptions
2021-09-13 16:43:06,133:INFO:Importing libraries
2021-09-13 16:43:06,133:INFO:Copying training dataset
2021-09-13 16:43:06,134:INFO:Defining folds
2021-09-13 16:43:06,135:INFO:Declaring metric variables
2021-09-13 16:43:06,143:INFO:Importing untrained model
2021-09-13 16:43:06,154:INFO:Orthogonal Matching Pursuit Imported succesfully
2021-09-13 16:43:06,173:INFO:Starting cross validation
2021-09-13 16:43:06,174:INFO:Cross validating with KFold(n_splits=10, random_state=None, shuffle=False), n_jobs=-1
2021-09-13 16:43:06,221:INFO:Calculating mean and std
2021-09-13 16:43:06,222:INFO:Creating metrics dataframe
2021-09-13 16:43:06,226:INFO:Uploading results into container
2021-09-13 16:43:06,226:INFO:Uploading model into container now
2021-09-13 16:43:06,226:INFO:create_model_container: 4
2021-09-13 16:43:06,226:INFO:master_model_container: 4
2021-09-13 16:43:06,226:INFO:display_container: 2
2021-09-13 16:43:06,226:INFO:OrthogonalMatchingPursuit(fit_intercept=True, n_nonzero_coefs=None,
                          normalize=True, precompute='auto', tol=None)
2021-09-13 16:43:06,226:INFO:create_model() succesfully completed......................................
2021-09-13 16:43:06,287:INFO:SubProcess create_model() end ==================================
2021-09-13 16:43:06,287:INFO:Creating metrics dataframe
2021-09-13 16:43:06,304:INFO:Initializing Passive Aggressive Regressor
2021-09-13 16:43:06,304:INFO:Total runtime is 0.05902296702067057 minutes
2021-09-13 16:43:06,315:INFO:SubProcess create_model() called ==================================
2021-09-13 16:43:06,316:INFO:Initializing create_model()
2021-09-13 16:43:06,316:INFO:create_model(estimator=par, fold=KFold(n_splits=10, random_state=None, shuffle=False), round=4, cross_validation=True, predict=True, fit_kwargs={}, groups=None, refit=False, verbose=False, system=False, metrics=None, display=<pycaret.internal.Display.Display object at 0x7ff744b57fa0>, kwargs={})
2021-09-13 16:43:06,316:INFO:Checking exceptions
2021-09-13 16:43:06,316:INFO:Importing libraries
2021-09-13 16:43:06,316:INFO:Copying training dataset
2021-09-13 16:43:06,317:INFO:Defining folds
2021-09-13 16:43:06,317:INFO:Declaring metric variables
2021-09-13 16:43:06,325:INFO:Importing untrained model
2021-09-13 16:43:06,334:INFO:Passive Aggressive Regressor Imported succesfully
2021-09-13 16:43:06,358:INFO:Starting cross validation
2021-09-13 16:43:06,358:INFO:Cross validating with KFold(n_splits=10, random_state=None, shuffle=False), n_jobs=-1
2021-09-13 16:43:06,482:INFO:Calculating mean and std
2021-09-13 16:43:06,484:INFO:Creating metrics dataframe
2021-09-13 16:43:06,491:INFO:Uploading results into container
2021-09-13 16:43:06,491:INFO:Uploading model into container now
2021-09-13 16:43:06,491:INFO:create_model_container: 5
2021-09-13 16:43:06,491:INFO:master_model_container: 5
2021-09-13 16:43:06,492:INFO:display_container: 2
2021-09-13 16:43:06,492:INFO:PassiveAggressiveRegressor(C=1.0, average=False, early_stopping=False,
                           epsilon=0.1, fit_intercept=True,
                           loss='epsilon_insensitive', max_iter=1000,
                           n_iter_no_change=5, random_state=1611, shuffle=True,
                           tol=0.001, validation_fraction=0.1, verbose=0,
                           warm_start=False)
2021-09-13 16:43:06,493:INFO:create_model() succesfully completed......................................
2021-09-13 16:43:06,567:INFO:SubProcess create_model() end ==================================
2021-09-13 16:43:06,567:INFO:Creating metrics dataframe
2021-09-13 16:43:06,583:INFO:Initializing Huber Regressor
2021-09-13 16:43:06,584:INFO:Total runtime is 0.06368181705474854 minutes
2021-09-13 16:43:06,594:INFO:SubProcess create_model() called ==================================
2021-09-13 16:43:06,594:INFO:Initializing create_model()
2021-09-13 16:43:06,594:INFO:create_model(estimator=huber, fold=KFold(n_splits=10, random_state=None, shuffle=False), round=4, cross_validation=True, predict=True, fit_kwargs={}, groups=None, refit=False, verbose=False, system=False, metrics=None, display=<pycaret.internal.Display.Display object at 0x7ff744b57fa0>, kwargs={})
2021-09-13 16:43:06,594:INFO:Checking exceptions
2021-09-13 16:43:06,594:INFO:Importing libraries
2021-09-13 16:43:06,594:INFO:Copying training dataset
2021-09-13 16:43:06,595:INFO:Defining folds
2021-09-13 16:43:06,596:INFO:Declaring metric variables
2021-09-13 16:43:06,605:INFO:Importing untrained model
2021-09-13 16:43:06,615:INFO:Huber Regressor Imported succesfully
2021-09-13 16:43:06,633:INFO:Starting cross validation
2021-09-13 16:43:06,634:INFO:Cross validating with KFold(n_splits=10, random_state=None, shuffle=False), n_jobs=-1
2021-09-13 16:43:06,818:INFO:Calculating mean and std
2021-09-13 16:43:06,819:INFO:Creating metrics dataframe
2021-09-13 16:43:06,826:INFO:Uploading results into container
2021-09-13 16:43:06,826:INFO:Uploading model into container now
2021-09-13 16:43:06,827:INFO:create_model_container: 6
2021-09-13 16:43:06,827:INFO:master_model_container: 6
2021-09-13 16:43:06,827:INFO:display_container: 2
2021-09-13 16:43:06,827:INFO:HuberRegressor(alpha=0.0001, epsilon=1.35, fit_intercept=True, max_iter=100,
               tol=1e-05, warm_start=False)
2021-09-13 16:43:06,827:INFO:create_model() succesfully completed......................................
2021-09-13 16:43:06,891:INFO:SubProcess create_model() end ==================================
2021-09-13 16:43:06,891:INFO:Creating metrics dataframe
2021-09-13 16:43:06,908:INFO:Initializing K Neighbors Regressor
2021-09-13 16:43:06,909:INFO:Total runtime is 0.06909781694412231 minutes
2021-09-13 16:43:06,918:INFO:SubProcess create_model() called ==================================
2021-09-13 16:43:06,919:INFO:Initializing create_model()
2021-09-13 16:43:06,919:INFO:create_model(estimator=knn, fold=KFold(n_splits=10, random_state=None, shuffle=False), round=4, cross_validation=True, predict=True, fit_kwargs={}, groups=None, refit=False, verbose=False, system=False, metrics=None, display=<pycaret.internal.Display.Display object at 0x7ff744b57fa0>, kwargs={})
2021-09-13 16:43:06,919:INFO:Checking exceptions
2021-09-13 16:43:06,920:INFO:Importing libraries
2021-09-13 16:43:06,920:INFO:Copying training dataset
2021-09-13 16:43:06,921:INFO:Defining folds
2021-09-13 16:43:06,921:INFO:Declaring metric variables
2021-09-13 16:43:06,930:INFO:Importing untrained model
2021-09-13 16:43:06,942:INFO:K Neighbors Regressor Imported succesfully
2021-09-13 16:43:06,964:INFO:Starting cross validation
2021-09-13 16:43:06,965:INFO:Cross validating with KFold(n_splits=10, random_state=None, shuffle=False), n_jobs=-1
2021-09-13 16:43:07,027:INFO:Calculating mean and std
2021-09-13 16:43:07,028:INFO:Creating metrics dataframe
2021-09-13 16:43:07,032:INFO:Uploading results into container
2021-09-13 16:43:07,033:INFO:Uploading model into container now
2021-09-13 16:43:07,033:INFO:create_model_container: 7
2021-09-13 16:43:07,033:INFO:master_model_container: 7
2021-09-13 16:43:07,033:INFO:display_container: 2
2021-09-13 16:43:07,033:INFO:KNeighborsRegressor(algorithm='auto', leaf_size=30, metric='minkowski',
                    metric_params=None, n_jobs=-1, n_neighbors=5, p=2,
                    weights='uniform')
2021-09-13 16:43:07,033:INFO:create_model() succesfully completed......................................
2021-09-13 16:43:07,093:INFO:SubProcess create_model() end ==================================
2021-09-13 16:43:07,094:INFO:Creating metrics dataframe
2021-09-13 16:43:07,135:INFO:Initializing create_model()
2021-09-13 16:43:07,135:INFO:create_model(estimator=LinearRegression(copy_X=True, fit_intercept=True, n_jobs=-1, normalize=False), fold=KFold(n_splits=10, random_state=None, shuffle=False), round=4, cross_validation=False, predict=False, fit_kwargs={}, groups=None, refit=True, verbose=False, system=False, metrics=None, display=None, kwargs={})
2021-09-13 16:43:07,135:INFO:Checking exceptions
2021-09-13 16:43:07,135:INFO:Importing libraries
2021-09-13 16:43:07,136:INFO:Copying training dataset
2021-09-13 16:43:07,136:INFO:Defining folds
2021-09-13 16:43:07,136:INFO:Declaring metric variables
2021-09-13 16:43:07,137:INFO:Importing untrained model
2021-09-13 16:43:07,137:INFO:Declaring custom model
2021-09-13 16:43:07,137:INFO:Linear Regression Imported succesfully
2021-09-13 16:43:07,137:INFO:Cross validation set to False
2021-09-13 16:43:07,138:INFO:Fitting Model
2021-09-13 16:43:07,142:INFO:LinearRegression(copy_X=True, fit_intercept=True, n_jobs=-1, normalize=False)
2021-09-13 16:43:07,142:INFO:create_models() succesfully completed......................................
2021-09-13 16:43:07,237:INFO:create_model_container: 7
2021-09-13 16:43:07,238:INFO:master_model_container: 7
2021-09-13 16:43:07,238:INFO:display_container: 2
2021-09-13 16:43:07,238:INFO:LinearRegression(copy_X=True, fit_intercept=True, n_jobs=-1, normalize=False)
2021-09-13 16:43:07,238:INFO:compare_models() succesfully completed......................................
2021-09-19 22:33:53,327:INFO:PyCaret Supervised Module
2021-09-19 22:33:53,328:INFO:ML Usecase: regression
2021-09-19 22:33:53,329:INFO:version 2.3.3
2021-09-19 22:33:53,329:INFO:Initializing setup()
2021-09-19 22:33:53,329:INFO:setup(target=charges, ml_usecase=regression, available_plots={'parameter': 'Hyperparameters', 'residuals': 'Residuals', 'error': 'Prediction Error', 'cooks': 'Cooks Distance', 'rfe': 'Feature Selection', 'learning': 'Learning Curve', 'manifold': 'Manifold Learning', 'vc': 'Validation Curve', 'feature': 'Feature Importance', 'feature_all': 'Feature Importance (All)', 'tree': 'Decision Tree', 'residuals_interactive': 'Interactive Residuals'}, train_size=0.7, test_data=None, preprocess=True, imputation_type=simple, iterative_imputation_iters=5, categorical_features=None, categorical_imputation=constant, categorical_iterative_imputer=lightgbm, ordinal_features=None, high_cardinality_features=None, high_cardinality_method=frequency, numeric_features=None, numeric_imputation=mean, numeric_iterative_imputer=lightgbm, date_features=None, ignore_features=None, normalize=False, normalize_method=zscore, transformation=False, transformation_method=yeo-johnson, handle_unknown_categorical=True, unknown_categorical_method=least_frequent, pca=False, pca_method=linear, pca_components=None, ignore_low_variance=False, combine_rare_levels=False, rare_level_threshold=0.1, bin_numeric_features=None, remove_outliers=False, outliers_threshold=0.05, remove_multicollinearity=False, multicollinearity_threshold=0.9, remove_perfect_collinearity=True, create_clusters=False, cluster_iter=20, polynomial_features=False, polynomial_degree=2, trigonometry_features=False, polynomial_threshold=0.1, group_features=None, group_names=None, feature_selection=False, feature_selection_threshold=0.8, feature_selection_method=classic, feature_interaction=False, feature_ratio=False, interaction_threshold=0.01, fix_imbalance=False, fix_imbalance_method=None, transform_target=False, transform_target_method=box-cox, data_split_shuffle=True, data_split_stratify=False, fold_strategy=kfold, fold=10, fold_shuffle=False, fold_groups=None, n_jobs=-1, use_gpu=False, custom_pipeline=None, html=True, session_id=1611, log_experiment=False, experiment_name=None, log_plots=False, log_profile=False, log_data=False, silent=False, verbose=True, profile=False, profile_kwargs=None, display=None)
2021-09-19 22:33:53,330:INFO:Checking environment
2021-09-19 22:33:53,330:INFO:python_version: 3.9.5
2021-09-19 22:33:53,331:INFO:python_build: ('v3.9.5:0a7dcbdb13', 'May  3 2021 13:17:02')
2021-09-19 22:33:53,331:INFO:machine: x86_64
2021-09-19 22:33:53,361:INFO:platform: macOS-10.16-x86_64-i386-64bit
2021-09-19 22:33:53,364:WARNING:cannot find psutil installation. memory not traceable. Install psutil using pip to enable memory logging.
2021-09-19 22:33:53,364:INFO:Checking libraries
2021-09-19 22:33:53,364:INFO:pd==1.2.4
2021-09-19 22:33:53,364:INFO:numpy==1.19.5
2021-09-19 22:33:53,364:INFO:sklearn==0.23.1
2021-09-19 22:33:53,365:INFO:lightgbm==3.2.1
2021-09-19 22:33:53,366:WARNING:catboost not found
2021-09-19 22:33:53,367:WARNING:xgboost not found
2021-09-19 22:33:54,144:INFO:mlflow==1.20.1
2021-09-19 22:33:54,145:INFO:Checking Exceptions
2021-09-19 22:33:54,145:INFO:Declaring global variables
2021-09-19 22:33:54,145:INFO:USI: 9349
2021-09-19 22:33:54,145:INFO:pycaret_globals: {'X_test', 'logging_param', 'X_train', 'html_param', 'display_container', '_gpu_n_jobs_param', 'X', '_all_models_internal', 'fold_shuffle_param', 'transform_target_param', 'data_before_preprocess', 'create_model_container', '_all_metrics', 'prep_pipe', 'fold_groups_param', 'fix_imbalance_method_param', 'pycaret_globals', 'stratify_param', 'transform_target_method_param', '_ml_usecase', 'fix_imbalance_param', 'y_train', 'exp_name_log', 'fold_param', '_available_plots', '_all_models', 'fold_generator', 'log_plots_param', '_internal_pipeline', 'n_jobs_param', 'imputation_regressor', 'seed', 'master_model_container', 'fold_groups_param_full', 'USI', 'gpu_param', 'y', 'imputation_classifier', 'target_param', 'y_test', 'experiment__', 'iterative_imputation_iters_param'}
2021-09-19 22:33:54,145:INFO:Preparing display monitor
2021-09-19 22:33:54,146:INFO:Preparing display monitor
2021-09-19 22:33:54,168:INFO:Importing libraries
2021-09-19 22:33:54,168:INFO:Copying data for preprocessing
2021-09-19 22:33:54,183:INFO:Declaring preprocessing parameters
2021-09-19 22:33:54,186:INFO:Creating preprocessing pipeline
2021-09-19 22:33:54,197:INFO:Preprocessing pipeline created successfully
2021-09-19 22:33:54,198:ERROR:(Process Exit): setup has been interupted with user command 'quit'. setup must rerun.
2021-09-19 22:33:54,198:INFO:Creating global containers
2021-09-19 22:33:54,200:INFO:Internal pipeline: Pipeline(memory=None, steps=[('empty_step', 'passthrough')], verbose=False)
2021-09-19 22:36:06,418:WARNING:Couldn't import xgboost.XGBRegressor
2021-09-19 22:36:06,418:WARNING:Couldn't import catboost.CatBoostRegressor
2021-09-19 22:36:06,539:WARNING:Couldn't import xgboost.XGBRegressor
2021-09-19 22:36:06,540:WARNING:Couldn't import catboost.CatBoostRegressor
2021-09-19 22:36:06,540:INFO:Creating grid variables
2021-09-19 22:36:06,559:INFO:create_model_container: 0
2021-09-19 22:36:06,559:INFO:master_model_container: 0
2021-09-19 22:36:06,559:INFO:display_container: 1
2021-09-19 22:36:06,564:INFO:Pipeline(memory=None,
         steps=[('dtypes',
                 DataTypes_Auto_infer(categorical_features=[],
                                      display_types=True, features_todrop=[],
                                      id_columns=[], ml_usecase='regression',
                                      numerical_features=[], target='charges',
                                      time_features=[])),
                ('imputer',
                 Simple_Imputer(categorical_strategy='not_available',
                                fill_value_categorical=None,
                                fill_value_numerical=None,
                                numeric_strategy...
                ('scaling', 'passthrough'), ('P_transform', 'passthrough'),
                ('binn', 'passthrough'), ('rem_outliers', 'passthrough'),
                ('cluster_all', 'passthrough'),
                ('dummy', Dummify(target='charges')),
                ('fix_perfect', Remove_100(target='charges')),
                ('clean_names', Clean_Colum_Names()),
                ('feature_select', 'passthrough'), ('fix_multi', 'passthrough'),
                ('dfs', 'passthrough'), ('pca', 'passthrough')],
         verbose=False)
2021-09-19 22:36:06,565:INFO:setup() succesfully completed......................................
2021-09-19 22:36:06,633:INFO:Initializing compare_models()
2021-09-19 22:36:06,633:INFO:compare_models(include=None, fold=None, round=4, cross_validation=True, sort=R2, n_select=1, budget_time=None, turbo=True, errors=ignore, fit_kwargs=None, groups=None, verbose=True, display=None, exclude=None)
2021-09-19 22:36:06,633:INFO:Checking exceptions
2021-09-19 22:36:06,634:INFO:Preparing display monitor
2021-09-19 22:36:06,634:INFO:Preparing display monitor
2021-09-19 22:36:06,666:INFO:Initializing Linear Regression
2021-09-19 22:36:06,667:INFO:Total runtime is 5.813439687093099e-06 minutes
2021-09-19 22:36:06,680:INFO:SubProcess create_model() called ==================================
2021-09-19 22:36:06,680:INFO:Initializing create_model()
2021-09-19 22:36:06,680:INFO:create_model(estimator=lr, fold=KFold(n_splits=10, random_state=None, shuffle=False), round=4, cross_validation=True, predict=True, fit_kwargs={}, groups=None, refit=False, verbose=False, system=False, metrics=None, display=<pycaret.internal.Display.Display object at 0x7f9a89ea84f0>, kwargs={})
2021-09-19 22:36:06,680:INFO:Checking exceptions
2021-09-19 22:36:06,681:INFO:Importing libraries
2021-09-19 22:36:06,681:INFO:Copying training dataset
2021-09-19 22:36:06,682:INFO:Defining folds
2021-09-19 22:36:06,682:INFO:Declaring metric variables
2021-09-19 22:36:06,693:INFO:Importing untrained model
2021-09-19 22:36:06,703:INFO:Linear Regression Imported succesfully
2021-09-19 22:36:06,725:INFO:Starting cross validation
2021-09-19 22:36:06,732:INFO:Cross validating with KFold(n_splits=10, random_state=None, shuffle=False), n_jobs=-1
2021-09-19 22:36:10,654:INFO:Calculating mean and std
2021-09-19 22:36:10,657:INFO:Creating metrics dataframe
2021-09-19 22:36:10,663:INFO:Uploading results into container
2021-09-19 22:36:10,663:INFO:Uploading model into container now
2021-09-19 22:36:10,663:INFO:create_model_container: 1
2021-09-19 22:36:10,663:INFO:master_model_container: 1
2021-09-19 22:36:10,664:INFO:display_container: 2
2021-09-19 22:36:10,664:INFO:LinearRegression(copy_X=True, fit_intercept=True, n_jobs=-1, normalize=False)
2021-09-19 22:36:10,664:INFO:create_model() succesfully completed......................................
2021-09-19 22:36:10,744:INFO:SubProcess create_model() end ==================================
2021-09-19 22:36:10,745:INFO:Creating metrics dataframe
2021-09-19 22:36:10,763:INFO:Initializing Lasso Regression
2021-09-19 22:36:10,763:INFO:Total runtime is 0.06828687985738119 minutes
2021-09-19 22:36:10,773:INFO:SubProcess create_model() called ==================================
2021-09-19 22:36:10,773:INFO:Initializing create_model()
2021-09-19 22:36:10,774:INFO:create_model(estimator=lasso, fold=KFold(n_splits=10, random_state=None, shuffle=False), round=4, cross_validation=True, predict=True, fit_kwargs={}, groups=None, refit=False, verbose=False, system=False, metrics=None, display=<pycaret.internal.Display.Display object at 0x7f9a89ea84f0>, kwargs={})
2021-09-19 22:36:10,774:INFO:Checking exceptions
2021-09-19 22:36:10,774:INFO:Importing libraries
2021-09-19 22:36:10,774:INFO:Copying training dataset
2021-09-19 22:36:10,775:INFO:Defining folds
2021-09-19 22:36:10,775:INFO:Declaring metric variables
2021-09-19 22:36:10,783:INFO:Importing untrained model
2021-09-19 22:36:10,794:INFO:Lasso Regression Imported succesfully
2021-09-19 22:36:10,816:INFO:Starting cross validation
2021-09-19 22:36:10,816:INFO:Cross validating with KFold(n_splits=10, random_state=None, shuffle=False), n_jobs=-1
2021-09-19 22:36:10,878:INFO:Calculating mean and std
2021-09-19 22:36:10,879:INFO:Creating metrics dataframe
2021-09-19 22:36:10,884:INFO:Uploading results into container
2021-09-19 22:36:10,884:INFO:Uploading model into container now
2021-09-19 22:36:10,884:INFO:create_model_container: 2
2021-09-19 22:36:10,884:INFO:master_model_container: 2
2021-09-19 22:36:10,884:INFO:display_container: 2
2021-09-19 22:36:10,885:INFO:Lasso(alpha=1.0, copy_X=True, fit_intercept=True, max_iter=1000,
      normalize=False, positive=False, precompute=False, random_state=1611,
      selection='cyclic', tol=0.0001, warm_start=False)
2021-09-19 22:36:10,885:INFO:create_model() succesfully completed......................................
2021-09-19 22:36:10,955:INFO:SubProcess create_model() end ==================================
2021-09-19 22:36:10,955:INFO:Creating metrics dataframe
2021-09-19 22:36:10,973:INFO:Initializing Ridge Regression
2021-09-19 22:36:10,973:INFO:Total runtime is 0.07178516387939453 minutes
2021-09-19 22:36:10,982:INFO:SubProcess create_model() called ==================================
2021-09-19 22:36:10,983:INFO:Initializing create_model()
2021-09-19 22:36:10,983:INFO:create_model(estimator=ridge, fold=KFold(n_splits=10, random_state=None, shuffle=False), round=4, cross_validation=True, predict=True, fit_kwargs={}, groups=None, refit=False, verbose=False, system=False, metrics=None, display=<pycaret.internal.Display.Display object at 0x7f9a89ea84f0>, kwargs={})
2021-09-19 22:36:10,983:INFO:Checking exceptions
2021-09-19 22:36:10,983:INFO:Importing libraries
2021-09-19 22:36:10,983:INFO:Copying training dataset
2021-09-19 22:36:10,984:INFO:Defining folds
2021-09-19 22:36:10,984:INFO:Declaring metric variables
2021-09-19 22:36:10,994:INFO:Importing untrained model
2021-09-19 22:36:11,003:INFO:Ridge Regression Imported succesfully
2021-09-19 22:36:11,020:INFO:Starting cross validation
2021-09-19 22:36:11,021:INFO:Cross validating with KFold(n_splits=10, random_state=None, shuffle=False), n_jobs=-1
2021-09-19 22:36:11,067:INFO:Calculating mean and std
2021-09-19 22:36:11,068:INFO:Creating metrics dataframe
2021-09-19 22:36:11,073:INFO:Uploading results into container
2021-09-19 22:36:11,073:INFO:Uploading model into container now
2021-09-19 22:36:11,073:INFO:create_model_container: 3
2021-09-19 22:36:11,073:INFO:master_model_container: 3
2021-09-19 22:36:11,073:INFO:display_container: 2
2021-09-19 22:36:11,074:INFO:Ridge(alpha=1.0, copy_X=True, fit_intercept=True, max_iter=None,
      normalize=False, random_state=1611, solver='auto', tol=0.001)
2021-09-19 22:36:11,074:INFO:create_model() succesfully completed......................................
2021-09-19 22:36:11,140:INFO:SubProcess create_model() end ==================================
2021-09-19 22:36:11,140:INFO:Creating metrics dataframe
2021-09-19 22:36:11,158:INFO:Initializing Elastic Net
2021-09-19 22:36:11,158:INFO:Total runtime is 0.07486958106358846 minutes
2021-09-19 22:36:11,167:INFO:SubProcess create_model() called ==================================
2021-09-19 22:36:11,167:INFO:Initializing create_model()
2021-09-19 22:36:11,168:INFO:create_model(estimator=en, fold=KFold(n_splits=10, random_state=None, shuffle=False), round=4, cross_validation=True, predict=True, fit_kwargs={}, groups=None, refit=False, verbose=False, system=False, metrics=None, display=<pycaret.internal.Display.Display object at 0x7f9a89ea84f0>, kwargs={})
2021-09-19 22:36:11,168:INFO:Checking exceptions
2021-09-19 22:36:11,168:INFO:Importing libraries
2021-09-19 22:36:11,168:INFO:Copying training dataset
2021-09-19 22:36:11,169:INFO:Defining folds
2021-09-19 22:36:11,169:INFO:Declaring metric variables
2021-09-19 22:36:11,177:INFO:Importing untrained model
2021-09-19 22:36:11,186:INFO:Elastic Net Imported succesfully
2021-09-19 22:36:11,203:INFO:Starting cross validation
2021-09-19 22:36:11,204:INFO:Cross validating with KFold(n_splits=10, random_state=None, shuffle=False), n_jobs=-1
2021-09-19 22:36:11,255:INFO:Calculating mean and std
2021-09-19 22:36:11,257:INFO:Creating metrics dataframe
2021-09-19 22:36:11,261:INFO:Uploading results into container
2021-09-19 22:36:11,261:INFO:Uploading model into container now
2021-09-19 22:36:11,261:INFO:create_model_container: 4
2021-09-19 22:36:11,261:INFO:master_model_container: 4
2021-09-19 22:36:11,261:INFO:display_container: 2
2021-09-19 22:36:11,261:INFO:ElasticNet(alpha=1.0, copy_X=True, fit_intercept=True, l1_ratio=0.5,
           max_iter=1000, normalize=False, positive=False, precompute=False,
           random_state=1611, selection='cyclic', tol=0.0001, warm_start=False)
2021-09-19 22:36:11,261:INFO:create_model() succesfully completed......................................
2021-09-19 22:36:11,325:INFO:SubProcess create_model() end ==================================
2021-09-19 22:36:11,343:INFO:Creating metrics dataframe
2021-09-19 22:36:11,365:INFO:Initializing Least Angle Regression
2021-09-19 22:36:11,365:INFO:Total runtime is 0.07830698092778524 minutes
2021-09-19 22:36:11,373:INFO:SubProcess create_model() called ==================================
2021-09-19 22:36:11,374:INFO:Initializing create_model()
2021-09-19 22:36:11,374:INFO:create_model(estimator=lar, fold=KFold(n_splits=10, random_state=None, shuffle=False), round=4, cross_validation=True, predict=True, fit_kwargs={}, groups=None, refit=False, verbose=False, system=False, metrics=None, display=<pycaret.internal.Display.Display object at 0x7f9a89ea84f0>, kwargs={})
2021-09-19 22:36:11,374:INFO:Checking exceptions
2021-09-19 22:36:11,374:INFO:Importing libraries
2021-09-19 22:36:11,374:INFO:Copying training dataset
2021-09-19 22:36:11,375:INFO:Defining folds
2021-09-19 22:36:11,375:INFO:Declaring metric variables
2021-09-19 22:36:11,383:INFO:Importing untrained model
2021-09-19 22:36:11,392:INFO:Least Angle Regression Imported succesfully
2021-09-19 22:36:11,408:INFO:Starting cross validation
2021-09-19 22:36:11,409:INFO:Cross validating with KFold(n_splits=10, random_state=None, shuffle=False), n_jobs=-1
2021-09-19 22:36:11,459:INFO:Calculating mean and std
2021-09-19 22:36:11,460:INFO:Creating metrics dataframe
2021-09-19 22:36:11,464:INFO:Uploading results into container
2021-09-19 22:36:11,464:INFO:Uploading model into container now
2021-09-19 22:36:11,464:INFO:create_model_container: 5
2021-09-19 22:36:11,464:INFO:master_model_container: 5
2021-09-19 22:36:11,464:INFO:display_container: 2
2021-09-19 22:36:11,465:INFO:Lars(copy_X=True, eps=2.220446049250313e-16, fit_intercept=True, fit_path=True,
     jitter=None, n_nonzero_coefs=500, normalize=True, precompute='auto',
     random_state=1611, verbose=False)
2021-09-19 22:36:11,465:INFO:create_model() succesfully completed......................................
2021-09-19 22:36:11,528:INFO:SubProcess create_model() end ==================================
2021-09-19 22:36:11,528:INFO:Creating metrics dataframe
2021-09-19 22:36:11,544:INFO:Initializing Lasso Least Angle Regression
2021-09-19 22:36:11,544:INFO:Total runtime is 0.08130351305007934 minutes
2021-09-19 22:36:11,554:INFO:SubProcess create_model() called ==================================
2021-09-19 22:36:11,555:INFO:Initializing create_model()
2021-09-19 22:36:11,555:INFO:create_model(estimator=llar, fold=KFold(n_splits=10, random_state=None, shuffle=False), round=4, cross_validation=True, predict=True, fit_kwargs={}, groups=None, refit=False, verbose=False, system=False, metrics=None, display=<pycaret.internal.Display.Display object at 0x7f9a89ea84f0>, kwargs={})
2021-09-19 22:36:11,555:INFO:Checking exceptions
2021-09-19 22:36:11,555:INFO:Importing libraries
2021-09-19 22:36:11,555:INFO:Copying training dataset
2021-09-19 22:36:11,556:INFO:Defining folds
2021-09-19 22:36:11,557:INFO:Declaring metric variables
2021-09-19 22:36:11,566:INFO:Importing untrained model
2021-09-19 22:36:11,576:INFO:Lasso Least Angle Regression Imported succesfully
2021-09-19 22:36:11,593:INFO:Starting cross validation
2021-09-19 22:36:11,593:INFO:Cross validating with KFold(n_splits=10, random_state=None, shuffle=False), n_jobs=-1
2021-09-19 22:36:11,650:INFO:Calculating mean and std
2021-09-19 22:36:11,651:INFO:Creating metrics dataframe
2021-09-19 22:36:11,659:INFO:Uploading results into container
2021-09-19 22:36:11,659:INFO:Uploading model into container now
2021-09-19 22:36:11,659:INFO:create_model_container: 6
2021-09-19 22:36:11,659:INFO:master_model_container: 6
2021-09-19 22:36:11,659:INFO:display_container: 2
2021-09-19 22:36:11,660:INFO:LassoLars(alpha=1.0, copy_X=True, eps=2.220446049250313e-16, fit_intercept=True,
          fit_path=True, jitter=None, max_iter=500, normalize=True,
          positive=False, precompute='auto', random_state=1611, verbose=False)
2021-09-19 22:36:11,660:INFO:create_model() succesfully completed......................................
2021-09-19 22:36:11,737:INFO:SubProcess create_model() end ==================================
2021-09-19 22:36:11,737:INFO:Creating metrics dataframe
2021-09-19 22:36:11,756:INFO:Initializing Orthogonal Matching Pursuit
2021-09-19 22:36:11,756:INFO:Total runtime is 0.08483571608861287 minutes
2021-09-19 22:36:11,765:INFO:SubProcess create_model() called ==================================
2021-09-19 22:36:11,765:INFO:Initializing create_model()
2021-09-19 22:36:11,765:INFO:create_model(estimator=omp, fold=KFold(n_splits=10, random_state=None, shuffle=False), round=4, cross_validation=True, predict=True, fit_kwargs={}, groups=None, refit=False, verbose=False, system=False, metrics=None, display=<pycaret.internal.Display.Display object at 0x7f9a89ea84f0>, kwargs={})
2021-09-19 22:36:11,765:INFO:Checking exceptions
2021-09-19 22:36:11,766:INFO:Importing libraries
2021-09-19 22:36:11,766:INFO:Copying training dataset
2021-09-19 22:36:11,767:INFO:Defining folds
2021-09-19 22:36:11,767:INFO:Declaring metric variables
2021-09-19 22:36:11,779:INFO:Importing untrained model
2021-09-19 22:36:11,791:INFO:Orthogonal Matching Pursuit Imported succesfully
2021-09-19 22:36:11,808:INFO:Starting cross validation
2021-09-19 22:36:11,809:INFO:Cross validating with KFold(n_splits=10, random_state=None, shuffle=False), n_jobs=-1
2021-09-19 22:36:11,870:INFO:Calculating mean and std
2021-09-19 22:36:11,872:INFO:Creating metrics dataframe
2021-09-19 22:36:11,885:INFO:Uploading results into container
2021-09-19 22:36:11,885:INFO:Uploading model into container now
2021-09-19 22:36:11,886:INFO:create_model_container: 7
2021-09-19 22:36:11,886:INFO:master_model_container: 7
2021-09-19 22:36:11,886:INFO:display_container: 2
2021-09-19 22:36:11,887:INFO:OrthogonalMatchingPursuit(fit_intercept=True, n_nonzero_coefs=None,
                          normalize=True, precompute='auto', tol=None)
2021-09-19 22:36:11,887:INFO:create_model() succesfully completed......................................
2021-09-19 22:36:11,962:INFO:SubProcess create_model() end ==================================
2021-09-19 22:36:11,962:INFO:Creating metrics dataframe
2021-09-19 22:36:11,991:INFO:Initializing Bayesian Ridge
2021-09-19 22:36:11,991:INFO:Total runtime is 0.08875202735265096 minutes
2021-09-19 22:36:12,005:INFO:SubProcess create_model() called ==================================
2021-09-19 22:36:12,005:INFO:Initializing create_model()
2021-09-19 22:36:12,005:INFO:create_model(estimator=br, fold=KFold(n_splits=10, random_state=None, shuffle=False), round=4, cross_validation=True, predict=True, fit_kwargs={}, groups=None, refit=False, verbose=False, system=False, metrics=None, display=<pycaret.internal.Display.Display object at 0x7f9a89ea84f0>, kwargs={})
2021-09-19 22:36:12,006:INFO:Checking exceptions
2021-09-19 22:36:12,006:INFO:Importing libraries
2021-09-19 22:36:12,006:INFO:Copying training dataset
2021-09-19 22:36:12,008:INFO:Defining folds
2021-09-19 22:36:12,008:INFO:Declaring metric variables
2021-09-19 22:36:12,020:INFO:Importing untrained model
2021-09-19 22:36:12,033:INFO:Bayesian Ridge Imported succesfully
2021-09-19 22:36:12,054:INFO:Starting cross validation
2021-09-19 22:36:12,055:INFO:Cross validating with KFold(n_splits=10, random_state=None, shuffle=False), n_jobs=-1
2021-09-19 22:36:12,148:INFO:Calculating mean and std
2021-09-19 22:36:12,150:INFO:Creating metrics dataframe
2021-09-19 22:36:12,158:INFO:Uploading results into container
2021-09-19 22:36:12,159:INFO:Uploading model into container now
2021-09-19 22:36:12,159:INFO:create_model_container: 8
2021-09-19 22:36:12,159:INFO:master_model_container: 8
2021-09-19 22:36:12,159:INFO:display_container: 2
2021-09-19 22:36:12,160:INFO:BayesianRidge(alpha_1=1e-06, alpha_2=1e-06, alpha_init=None,
              compute_score=False, copy_X=True, fit_intercept=True,
              lambda_1=1e-06, lambda_2=1e-06, lambda_init=None, n_iter=300,
              normalize=False, tol=0.001, verbose=False)
2021-09-19 22:36:12,160:INFO:create_model() succesfully completed......................................
2021-09-19 22:36:12,233:INFO:SubProcess create_model() end ==================================
2021-09-19 22:36:12,233:INFO:Creating metrics dataframe
2021-09-19 22:36:12,264:INFO:Initializing Passive Aggressive Regressor
2021-09-19 22:36:12,264:INFO:Total runtime is 0.09330188433329265 minutes
2021-09-19 22:36:12,279:INFO:SubProcess create_model() called ==================================
2021-09-19 22:36:12,280:INFO:Initializing create_model()
2021-09-19 22:36:12,280:INFO:create_model(estimator=par, fold=KFold(n_splits=10, random_state=None, shuffle=False), round=4, cross_validation=True, predict=True, fit_kwargs={}, groups=None, refit=False, verbose=False, system=False, metrics=None, display=<pycaret.internal.Display.Display object at 0x7f9a89ea84f0>, kwargs={})
2021-09-19 22:36:12,280:INFO:Checking exceptions
2021-09-19 22:36:12,280:INFO:Importing libraries
2021-09-19 22:36:12,281:INFO:Copying training dataset
2021-09-19 22:36:12,282:INFO:Defining folds
2021-09-19 22:36:12,282:INFO:Declaring metric variables
2021-09-19 22:36:12,299:INFO:Importing untrained model
2021-09-19 22:36:12,311:INFO:Passive Aggressive Regressor Imported succesfully
2021-09-19 22:36:12,335:INFO:Starting cross validation
2021-09-19 22:36:12,336:INFO:Cross validating with KFold(n_splits=10, random_state=None, shuffle=False), n_jobs=-1
2021-09-19 22:36:12,451:INFO:Calculating mean and std
2021-09-19 22:36:12,452:INFO:Creating metrics dataframe
2021-09-19 22:36:12,462:INFO:Uploading results into container
2021-09-19 22:36:12,462:INFO:Uploading model into container now
2021-09-19 22:36:12,462:INFO:create_model_container: 9
2021-09-19 22:36:12,462:INFO:master_model_container: 9
2021-09-19 22:36:12,463:INFO:display_container: 2
2021-09-19 22:36:12,463:INFO:PassiveAggressiveRegressor(C=1.0, average=False, early_stopping=False,
                           epsilon=0.1, fit_intercept=True,
                           loss='epsilon_insensitive', max_iter=1000,
                           n_iter_no_change=5, random_state=1611, shuffle=True,
                           tol=0.001, validation_fraction=0.1, verbose=0,
                           warm_start=False)
2021-09-19 22:36:12,463:INFO:create_model() succesfully completed......................................
2021-09-19 22:36:12,537:INFO:SubProcess create_model() end ==================================
2021-09-19 22:36:12,537:INFO:Creating metrics dataframe
2021-09-19 22:36:12,562:INFO:Initializing Huber Regressor
2021-09-19 22:36:12,562:INFO:Total runtime is 0.09826944669087728 minutes
2021-09-19 22:36:12,574:INFO:SubProcess create_model() called ==================================
2021-09-19 22:36:12,574:INFO:Initializing create_model()
2021-09-19 22:36:12,574:INFO:create_model(estimator=huber, fold=KFold(n_splits=10, random_state=None, shuffle=False), round=4, cross_validation=True, predict=True, fit_kwargs={}, groups=None, refit=False, verbose=False, system=False, metrics=None, display=<pycaret.internal.Display.Display object at 0x7f9a89ea84f0>, kwargs={})
2021-09-19 22:36:12,574:INFO:Checking exceptions
2021-09-19 22:36:12,575:INFO:Importing libraries
2021-09-19 22:36:12,575:INFO:Copying training dataset
2021-09-19 22:36:12,576:INFO:Defining folds
2021-09-19 22:36:12,576:INFO:Declaring metric variables
2021-09-19 22:36:12,585:INFO:Importing untrained model
2021-09-19 22:36:12,596:INFO:Huber Regressor Imported succesfully
2021-09-19 22:36:12,617:INFO:Starting cross validation
2021-09-19 22:36:12,617:INFO:Cross validating with KFold(n_splits=10, random_state=None, shuffle=False), n_jobs=-1
2021-09-19 22:36:12,909:INFO:Calculating mean and std
2021-09-19 22:36:12,910:INFO:Creating metrics dataframe
2021-09-19 22:36:12,918:INFO:Uploading results into container
2021-09-19 22:36:12,918:INFO:Uploading model into container now
2021-09-19 22:36:12,919:INFO:create_model_container: 10
2021-09-19 22:36:12,919:INFO:master_model_container: 10
2021-09-19 22:36:12,919:INFO:display_container: 2
2021-09-19 22:36:12,920:INFO:HuberRegressor(alpha=0.0001, epsilon=1.35, fit_intercept=True, max_iter=100,
               tol=1e-05, warm_start=False)
2021-09-19 22:36:12,920:INFO:create_model() succesfully completed......................................
2021-09-19 22:36:13,002:INFO:SubProcess create_model() end ==================================
2021-09-19 22:36:13,002:INFO:Creating metrics dataframe
2021-09-19 22:36:13,028:INFO:Initializing K Neighbors Regressor
2021-09-19 22:36:13,028:INFO:Total runtime is 0.10602376461029053 minutes
2021-09-19 22:36:13,038:INFO:SubProcess create_model() called ==================================
2021-09-19 22:36:13,038:INFO:Initializing create_model()
2021-09-19 22:36:13,038:INFO:create_model(estimator=knn, fold=KFold(n_splits=10, random_state=None, shuffle=False), round=4, cross_validation=True, predict=True, fit_kwargs={}, groups=None, refit=False, verbose=False, system=False, metrics=None, display=<pycaret.internal.Display.Display object at 0x7f9a89ea84f0>, kwargs={})
2021-09-19 22:36:13,038:INFO:Checking exceptions
2021-09-19 22:36:13,038:INFO:Importing libraries
2021-09-19 22:36:13,038:INFO:Copying training dataset
2021-09-19 22:36:13,039:INFO:Defining folds
2021-09-19 22:36:13,040:INFO:Declaring metric variables
2021-09-19 22:36:13,054:INFO:Importing untrained model
2021-09-19 22:36:13,071:INFO:K Neighbors Regressor Imported succesfully
2021-09-19 22:36:13,098:INFO:Starting cross validation
2021-09-19 22:36:13,098:INFO:Cross validating with KFold(n_splits=10, random_state=None, shuffle=False), n_jobs=-1
2021-09-19 22:36:13,206:INFO:Calculating mean and std
2021-09-19 22:36:13,208:INFO:Creating metrics dataframe
2021-09-19 22:36:13,213:INFO:Uploading results into container
2021-09-19 22:36:13,213:INFO:Uploading model into container now
2021-09-19 22:36:13,213:INFO:create_model_container: 11
2021-09-19 22:36:13,213:INFO:master_model_container: 11
2021-09-19 22:36:13,213:INFO:display_container: 2
2021-09-19 22:36:13,214:INFO:KNeighborsRegressor(algorithm='auto', leaf_size=30, metric='minkowski',
                    metric_params=None, n_jobs=-1, n_neighbors=5, p=2,
                    weights='uniform')
2021-09-19 22:36:13,214:INFO:create_model() succesfully completed......................................
2021-09-19 22:36:13,283:INFO:SubProcess create_model() end ==================================
2021-09-19 22:36:13,283:INFO:Creating metrics dataframe
2021-09-19 22:36:13,306:INFO:Initializing Decision Tree Regressor
2021-09-19 22:36:13,306:INFO:Total runtime is 0.11066316366195679 minutes
2021-09-19 22:36:13,315:INFO:SubProcess create_model() called ==================================
2021-09-19 22:36:13,316:INFO:Initializing create_model()
2021-09-19 22:36:13,316:INFO:create_model(estimator=dt, fold=KFold(n_splits=10, random_state=None, shuffle=False), round=4, cross_validation=True, predict=True, fit_kwargs={}, groups=None, refit=False, verbose=False, system=False, metrics=None, display=<pycaret.internal.Display.Display object at 0x7f9a89ea84f0>, kwargs={})
2021-09-19 22:36:13,316:INFO:Checking exceptions
2021-09-19 22:36:13,316:INFO:Importing libraries
2021-09-19 22:36:13,316:INFO:Copying training dataset
2021-09-19 22:36:13,317:INFO:Defining folds
2021-09-19 22:36:13,317:INFO:Declaring metric variables
2021-09-19 22:36:13,326:INFO:Importing untrained model
2021-09-19 22:36:13,334:INFO:Decision Tree Regressor Imported succesfully
2021-09-19 22:36:13,352:INFO:Starting cross validation
2021-09-19 22:36:13,353:INFO:Cross validating with KFold(n_splits=10, random_state=None, shuffle=False), n_jobs=-1
2021-09-19 22:36:13,448:INFO:Calculating mean and std
2021-09-19 22:36:13,449:INFO:Creating metrics dataframe
2021-09-19 22:36:13,459:INFO:Uploading results into container
2021-09-19 22:36:13,459:INFO:Uploading model into container now
2021-09-19 22:36:13,459:INFO:create_model_container: 12
2021-09-19 22:36:13,459:INFO:master_model_container: 12
2021-09-19 22:36:13,459:INFO:display_container: 2
2021-09-19 22:36:13,460:INFO:DecisionTreeRegressor(ccp_alpha=0.0, criterion='mse', max_depth=None,
                      max_features=None, max_leaf_nodes=None,
                      min_impurity_decrease=0.0, min_impurity_split=None,
                      min_samples_leaf=1, min_samples_split=2,
                      min_weight_fraction_leaf=0.0, presort='deprecated',
                      random_state=1611, splitter='best')
2021-09-19 22:36:13,460:INFO:create_model() succesfully completed......................................
2021-09-19 22:36:13,537:INFO:SubProcess create_model() end ==================================
2021-09-19 22:36:13,538:INFO:Creating metrics dataframe
2021-09-19 22:36:13,575:INFO:Initializing Random Forest Regressor
2021-09-19 22:36:13,575:INFO:Total runtime is 0.11514656146367391 minutes
2021-09-19 22:36:13,588:INFO:SubProcess create_model() called ==================================
2021-09-19 22:36:13,589:INFO:Initializing create_model()
2021-09-19 22:36:13,589:INFO:create_model(estimator=rf, fold=KFold(n_splits=10, random_state=None, shuffle=False), round=4, cross_validation=True, predict=True, fit_kwargs={}, groups=None, refit=False, verbose=False, system=False, metrics=None, display=<pycaret.internal.Display.Display object at 0x7f9a89ea84f0>, kwargs={})
2021-09-19 22:36:13,589:INFO:Checking exceptions
2021-09-19 22:36:13,589:INFO:Importing libraries
2021-09-19 22:36:13,590:INFO:Copying training dataset
2021-09-19 22:36:13,591:INFO:Defining folds
2021-09-19 22:36:13,592:INFO:Declaring metric variables
2021-09-19 22:36:13,605:INFO:Importing untrained model
2021-09-19 22:36:13,617:INFO:Random Forest Regressor Imported succesfully
2021-09-19 22:36:13,643:INFO:Starting cross validation
2021-09-19 22:36:13,644:INFO:Cross validating with KFold(n_splits=10, random_state=None, shuffle=False), n_jobs=-1
2021-09-19 22:36:15,324:INFO:Calculating mean and std
2021-09-19 22:36:15,325:INFO:Creating metrics dataframe
2021-09-19 22:36:15,331:INFO:Uploading results into container
2021-09-19 22:36:15,331:INFO:Uploading model into container now
2021-09-19 22:36:15,331:INFO:create_model_container: 13
2021-09-19 22:36:15,331:INFO:master_model_container: 13
2021-09-19 22:36:15,331:INFO:display_container: 2
2021-09-19 22:36:15,332:INFO:RandomForestRegressor(bootstrap=True, ccp_alpha=0.0, criterion='mse',
                      max_depth=None, max_features='auto', max_leaf_nodes=None,
                      max_samples=None, min_impurity_decrease=0.0,
                      min_impurity_split=None, min_samples_leaf=1,
                      min_samples_split=2, min_weight_fraction_leaf=0.0,
                      n_estimators=100, n_jobs=-1, oob_score=False,
                      random_state=1611, verbose=0, warm_start=False)
2021-09-19 22:36:15,332:INFO:create_model() succesfully completed......................................
2021-09-19 22:36:15,410:INFO:SubProcess create_model() end ==================================
2021-09-19 22:36:15,410:INFO:Creating metrics dataframe
2021-09-19 22:36:15,442:INFO:Initializing Extra Trees Regressor
2021-09-19 22:36:15,442:INFO:Total runtime is 0.1462700605392456 minutes
2021-09-19 22:36:15,455:INFO:SubProcess create_model() called ==================================
2021-09-19 22:36:15,456:INFO:Initializing create_model()
2021-09-19 22:36:15,456:INFO:create_model(estimator=et, fold=KFold(n_splits=10, random_state=None, shuffle=False), round=4, cross_validation=True, predict=True, fit_kwargs={}, groups=None, refit=False, verbose=False, system=False, metrics=None, display=<pycaret.internal.Display.Display object at 0x7f9a89ea84f0>, kwargs={})
2021-09-19 22:36:15,456:INFO:Checking exceptions
2021-09-19 22:36:15,456:INFO:Importing libraries
2021-09-19 22:36:15,456:INFO:Copying training dataset
2021-09-19 22:36:15,457:INFO:Defining folds
2021-09-19 22:36:15,457:INFO:Declaring metric variables
2021-09-19 22:36:15,470:INFO:Importing untrained model
2021-09-19 22:36:15,483:INFO:Extra Trees Regressor Imported succesfully
2021-09-19 22:36:15,509:INFO:Starting cross validation
2021-09-19 22:36:15,510:INFO:Cross validating with KFold(n_splits=10, random_state=None, shuffle=False), n_jobs=-1
2021-09-19 22:36:17,027:INFO:Calculating mean and std
2021-09-19 22:36:17,028:INFO:Creating metrics dataframe
2021-09-19 22:36:17,033:INFO:Uploading results into container
2021-09-19 22:36:17,033:INFO:Uploading model into container now
2021-09-19 22:36:17,033:INFO:create_model_container: 14
2021-09-19 22:36:17,033:INFO:master_model_container: 14
2021-09-19 22:36:17,033:INFO:display_container: 2
2021-09-19 22:36:17,034:INFO:ExtraTreesRegressor(bootstrap=False, ccp_alpha=0.0, criterion='mse',
                    max_depth=None, max_features='auto', max_leaf_nodes=None,
                    max_samples=None, min_impurity_decrease=0.0,
                    min_impurity_split=None, min_samples_leaf=1,
                    min_samples_split=2, min_weight_fraction_leaf=0.0,
                    n_estimators=100, n_jobs=-1, oob_score=False,
                    random_state=1611, verbose=0, warm_start=False)
2021-09-19 22:36:17,034:INFO:create_model() succesfully completed......................................
2021-09-19 22:36:17,103:INFO:SubProcess create_model() end ==================================
2021-09-19 22:36:17,118:INFO:Creating metrics dataframe
2021-09-19 22:36:17,150:INFO:Initializing AdaBoost Regressor
2021-09-19 22:36:17,150:INFO:Total runtime is 0.1747360626856486 minutes
2021-09-19 22:36:17,164:INFO:SubProcess create_model() called ==================================
2021-09-19 22:36:17,165:INFO:Initializing create_model()
2021-09-19 22:36:17,165:INFO:create_model(estimator=ada, fold=KFold(n_splits=10, random_state=None, shuffle=False), round=4, cross_validation=True, predict=True, fit_kwargs={}, groups=None, refit=False, verbose=False, system=False, metrics=None, display=<pycaret.internal.Display.Display object at 0x7f9a89ea84f0>, kwargs={})
2021-09-19 22:36:17,165:INFO:Checking exceptions
2021-09-19 22:36:17,165:INFO:Importing libraries
2021-09-19 22:36:17,165:INFO:Copying training dataset
2021-09-19 22:36:17,167:INFO:Defining folds
2021-09-19 22:36:17,167:INFO:Declaring metric variables
2021-09-19 22:36:17,181:INFO:Importing untrained model
2021-09-19 22:36:17,197:INFO:AdaBoost Regressor Imported succesfully
2021-09-19 22:36:17,230:INFO:Starting cross validation
2021-09-19 22:36:17,231:INFO:Cross validating with KFold(n_splits=10, random_state=None, shuffle=False), n_jobs=-1
2021-09-19 22:36:17,459:INFO:Calculating mean and std
2021-09-19 22:36:17,461:INFO:Creating metrics dataframe
2021-09-19 22:36:17,470:INFO:Uploading results into container
2021-09-19 22:36:17,470:INFO:Uploading model into container now
2021-09-19 22:36:17,471:INFO:create_model_container: 15
2021-09-19 22:36:17,471:INFO:master_model_container: 15
2021-09-19 22:36:17,471:INFO:display_container: 2
2021-09-19 22:36:17,472:INFO:AdaBoostRegressor(base_estimator=None, learning_rate=1.0, loss='linear',
                  n_estimators=50, random_state=1611)
2021-09-19 22:36:17,472:INFO:create_model() succesfully completed......................................
2021-09-19 22:36:17,549:INFO:SubProcess create_model() end ==================================
2021-09-19 22:36:17,549:INFO:Creating metrics dataframe
2021-09-19 22:36:17,577:INFO:Initializing Gradient Boosting Regressor
2021-09-19 22:36:17,577:INFO:Total runtime is 0.18184886376063028 minutes
2021-09-19 22:36:17,588:INFO:SubProcess create_model() called ==================================
2021-09-19 22:36:17,588:INFO:Initializing create_model()
2021-09-19 22:36:17,588:INFO:create_model(estimator=gbr, fold=KFold(n_splits=10, random_state=None, shuffle=False), round=4, cross_validation=True, predict=True, fit_kwargs={}, groups=None, refit=False, verbose=False, system=False, metrics=None, display=<pycaret.internal.Display.Display object at 0x7f9a89ea84f0>, kwargs={})
2021-09-19 22:36:17,588:INFO:Checking exceptions
2021-09-19 22:36:17,589:INFO:Importing libraries
2021-09-19 22:36:17,589:INFO:Copying training dataset
2021-09-19 22:36:17,590:INFO:Defining folds
2021-09-19 22:36:17,590:INFO:Declaring metric variables
2021-09-19 22:36:17,600:INFO:Importing untrained model
2021-09-19 22:36:17,610:INFO:Gradient Boosting Regressor Imported succesfully
2021-09-19 22:36:17,629:INFO:Starting cross validation
2021-09-19 22:36:17,629:INFO:Cross validating with KFold(n_splits=10, random_state=None, shuffle=False), n_jobs=-1
2021-09-19 22:36:18,038:INFO:Calculating mean and std
2021-09-19 22:36:18,039:INFO:Creating metrics dataframe
2021-09-19 22:36:18,043:INFO:Uploading results into container
2021-09-19 22:36:18,043:INFO:Uploading model into container now
2021-09-19 22:36:18,043:INFO:create_model_container: 16
2021-09-19 22:36:18,043:INFO:master_model_container: 16
2021-09-19 22:36:18,043:INFO:display_container: 2
2021-09-19 22:36:18,043:INFO:GradientBoostingRegressor(alpha=0.9, ccp_alpha=0.0, criterion='friedman_mse',
                          init=None, learning_rate=0.1, loss='ls', max_depth=3,
                          max_features=None, max_leaf_nodes=None,
                          min_impurity_decrease=0.0, min_impurity_split=None,
                          min_samples_leaf=1, min_samples_split=2,
                          min_weight_fraction_leaf=0.0, n_estimators=100,
                          n_iter_no_change=None, presort='deprecated',
                          random_state=1611, subsample=1.0, tol=0.0001,
                          validation_fraction=0.1, verbose=0, warm_start=False)
2021-09-19 22:36:18,043:INFO:create_model() succesfully completed......................................
2021-09-19 22:36:18,107:INFO:SubProcess create_model() end ==================================
2021-09-19 22:36:18,108:INFO:Creating metrics dataframe
2021-09-19 22:36:18,129:INFO:Initializing Light Gradient Boosting Machine
2021-09-19 22:36:18,129:INFO:Total runtime is 0.19105302890141804 minutes
2021-09-19 22:36:18,139:INFO:SubProcess create_model() called ==================================
2021-09-19 22:36:18,140:INFO:Initializing create_model()
2021-09-19 22:36:18,140:INFO:create_model(estimator=lightgbm, fold=KFold(n_splits=10, random_state=None, shuffle=False), round=4, cross_validation=True, predict=True, fit_kwargs={}, groups=None, refit=False, verbose=False, system=False, metrics=None, display=<pycaret.internal.Display.Display object at 0x7f9a89ea84f0>, kwargs={})
2021-09-19 22:36:18,140:INFO:Checking exceptions
2021-09-19 22:36:18,140:INFO:Importing libraries
2021-09-19 22:36:18,141:INFO:Copying training dataset
2021-09-19 22:36:18,142:INFO:Defining folds
2021-09-19 22:36:18,142:INFO:Declaring metric variables
2021-09-19 22:36:18,150:INFO:Importing untrained model
2021-09-19 22:36:18,158:INFO:Light Gradient Boosting Machine Imported succesfully
2021-09-19 22:36:18,175:INFO:Starting cross validation
2021-09-19 22:36:18,175:INFO:Cross validating with KFold(n_splits=10, random_state=None, shuffle=False), n_jobs=-1
2021-09-19 22:36:18,391:INFO:Calculating mean and std
2021-09-19 22:36:18,392:INFO:Creating metrics dataframe
2021-09-19 22:36:18,397:INFO:Uploading results into container
2021-09-19 22:36:18,397:INFO:Uploading model into container now
2021-09-19 22:36:18,397:INFO:create_model_container: 17
2021-09-19 22:36:18,397:INFO:master_model_container: 17
2021-09-19 22:36:18,398:INFO:display_container: 2
2021-09-19 22:36:18,398:INFO:LGBMRegressor(boosting_type='gbdt', class_weight=None, colsample_bytree=1.0,
              importance_type='split', learning_rate=0.1, max_depth=-1,
              min_child_samples=20, min_child_weight=0.001, min_split_gain=0.0,
              n_estimators=100, n_jobs=-1, num_leaves=31, objective=None,
              random_state=1611, reg_alpha=0.0, reg_lambda=0.0, silent=True,
              subsample=1.0, subsample_for_bin=200000, subsample_freq=0)
2021-09-19 22:36:18,398:INFO:create_model() succesfully completed......................................
2021-09-19 22:36:18,467:INFO:SubProcess create_model() end ==================================
2021-09-19 22:36:18,467:INFO:Creating metrics dataframe
2021-09-19 22:36:18,516:INFO:Initializing create_model()
2021-09-19 22:36:18,516:INFO:create_model(estimator=GradientBoostingRegressor(alpha=0.9, ccp_alpha=0.0, criterion='friedman_mse',
                          init=None, learning_rate=0.1, loss='ls', max_depth=3,
                          max_features=None, max_leaf_nodes=None,
                          min_impurity_decrease=0.0, min_impurity_split=None,
                          min_samples_leaf=1, min_samples_split=2,
                          min_weight_fraction_leaf=0.0, n_estimators=100,
                          n_iter_no_change=None, presort='deprecated',
                          random_state=1611, subsample=1.0, tol=0.0001,
                          validation_fraction=0.1, verbose=0, warm_start=False), fold=KFold(n_splits=10, random_state=None, shuffle=False), round=4, cross_validation=False, predict=False, fit_kwargs={}, groups=None, refit=True, verbose=False, system=False, metrics=None, display=None, kwargs={})
2021-09-19 22:36:18,516:INFO:Checking exceptions
2021-09-19 22:36:18,516:INFO:Importing libraries
2021-09-19 22:36:18,517:INFO:Copying training dataset
2021-09-19 22:36:18,518:INFO:Defining folds
2021-09-19 22:36:18,518:INFO:Declaring metric variables
2021-09-19 22:36:18,518:INFO:Importing untrained model
2021-09-19 22:36:18,518:INFO:Declaring custom model
2021-09-19 22:36:18,519:INFO:Gradient Boosting Regressor Imported succesfully
2021-09-19 22:36:18,520:INFO:Cross validation set to False
2021-09-19 22:36:18,520:INFO:Fitting Model
2021-09-19 22:36:18,604:INFO:GradientBoostingRegressor(alpha=0.9, ccp_alpha=0.0, criterion='friedman_mse',
                          init=None, learning_rate=0.1, loss='ls', max_depth=3,
                          max_features=None, max_leaf_nodes=None,
                          min_impurity_decrease=0.0, min_impurity_split=None,
                          min_samples_leaf=1, min_samples_split=2,
                          min_weight_fraction_leaf=0.0, n_estimators=100,
                          n_iter_no_change=None, presort='deprecated',
                          random_state=1611, subsample=1.0, tol=0.0001,
                          validation_fraction=0.1, verbose=0, warm_start=False)
2021-09-19 22:36:18,604:INFO:create_models() succesfully completed......................................
2021-09-19 22:36:18,719:INFO:create_model_container: 17
2021-09-19 22:36:18,719:INFO:master_model_container: 17
2021-09-19 22:36:18,719:INFO:display_container: 2
2021-09-19 22:36:18,720:INFO:GradientBoostingRegressor(alpha=0.9, ccp_alpha=0.0, criterion='friedman_mse',
                          init=None, learning_rate=0.1, loss='ls', max_depth=3,
                          max_features=None, max_leaf_nodes=None,
                          min_impurity_decrease=0.0, min_impurity_split=None,
                          min_samples_leaf=1, min_samples_split=2,
                          min_weight_fraction_leaf=0.0, n_estimators=100,
                          n_iter_no_change=None, presort='deprecated',
                          random_state=1611, subsample=1.0, tol=0.0001,
                          validation_fraction=0.1, verbose=0, warm_start=False)
2021-09-19 22:36:18,720:INFO:compare_models() succesfully completed......................................
